<?xml version="1.0" encoding="UTF-8"?>
<testsuite name="org.twitter.messenger.controllertests.SocialControllerTest" tests="2" skipped="0" failures="0" errors="0" timestamp="2017-07-28T01:10:12" hostname="vinay-HP-Spectre-x360-Convertible" time="0.027">
  <properties/>
  <testcase name="getFollowers" classname="org.twitter.messenger.controllertests.SocialControllerTest" time="0.013"/>
  <testcase name="getFollowings" classname="org.twitter.messenger.controllertests.SocialControllerTest" time="0.012"/>
  <system-out><![CDATA["2017-07-27 21:10:11 - Neither @ContextConfiguration nor @ContextHierarchy found for test class [org.twitter.messenger.controllertests.SocialControllerTest], using SpringBootContextLoader
""2017-07-27 21:10:11 - Could not detect default resource locations for test class [org.twitter.messenger.controllertests.SocialControllerTest]: no resource found for suffixes {-context.xml, Context.groovy}.
""2017-07-27 21:10:11 - Loaded default TestExecutionListener class names from location [META-INF/spring.factories]: [org.springframework.boot.test.autoconfigure.restdocs.RestDocsTestExecutionListener, org.springframework.boot.test.autoconfigure.web.client.MockRestServiceServerResetTestExecutionListener, org.springframework.boot.test.autoconfigure.web.servlet.MockMvcPrintOnlyOnFailureTestExecutionListener, org.springframework.boot.test.autoconfigure.web.servlet.WebDriverTestExecutionListener, org.springframework.boot.test.mock.mockito.MockitoTestExecutionListener, org.springframework.boot.test.mock.mockito.ResetMocksTestExecutionListener, org.springframework.test.context.web.ServletTestExecutionListener, org.springframework.test.context.support.DirtiesContextBeforeModesTestExecutionListener, org.springframework.test.context.support.DependencyInjectionTestExecutionListener, org.springframework.test.context.support.DirtiesContextTestExecutionListener, org.springframework.test.context.transaction.TransactionalTestExecutionListener, org.springframework.test.context.jdbc.SqlScriptsTestExecutionListener]
""2017-07-27 21:10:11 - Using TestExecutionListeners: [org.springframework.test.context.web.ServletTestExecutionListener@5a84584b, org.springframework.test.context.support.DirtiesContextBeforeModesTestExecutionListener@36a86078, org.springframework.boot.test.autoconfigure.SpringBootDependencyInjectionTestExecutionListener@6e67d325, org.springframework.test.context.support.DirtiesContextTestExecutionListener@7e96ab2f, org.springframework.test.context.transaction.TransactionalTestExecutionListener@6a8e2b6, org.springframework.test.context.jdbc.SqlScriptsTestExecutionListener@73f6e9bb, org.springframework.boot.test.mock.mockito.ResetMocksTestExecutionListener@2358f21b, org.springframework.boot.test.autoconfigure.web.servlet.MockMvcPrintOnlyOnFailureTestExecutionListener@685cfa8c, org.springframework.boot.test.mock.mockito.MockitoTestExecutionListener@29a01863, org.springframework.boot.test.autoconfigure.web.client.MockRestServiceServerResetTestExecutionListener@6d5f97dd, org.springframework.boot.test.autoconfigure.web.servlet.WebDriverTestExecutionListener@9f37847, org.springframework.boot.test.autoconfigure.restdocs.RestDocsTestExecutionListener@6f46b6f]
"
  .   ____          _            __ _ _
 /\\ / ___'_ __ _ _(_)_ __  __ _ \ \ \ \
( ( )\___ | '_ | '_| | '_ \/ _` | \ \ \ \
 \\/  ___)| |_)| | | | | || (_| |  ) ) ) )
  '  |____| .__|_| |_|_| |_\__, | / / / /
 =========|_|==============|___/=/_/_/_/
 :: Spring Boot ::        (v1.4.4.RELEASE)

"2017-07-27 21:10:11 - Starting SocialControllerTest on vinay-HP-Spectre-x360-Convertible with PID 8771 (started by vinay in /home/vinay/Downloads/challenge)
""2017-07-27 21:10:11 - No active profile set, falling back to default profiles: default
""2017-07-27 21:10:11 - Refreshing org.springframework.web.context.support.GenericWebApplicationContext@1f2d65f: startup date [Thu Jul 27 21:10:11 EDT 2017]; root of context hierarchy
""2017-07-27 21:10:12 - Bean 'org.springframework.transaction.annotation.ProxyTransactionManagementConfiguration' of type [class org.springframework.transaction.annotation.ProxyTransactionManagementConfiguration$$EnhancerBySpringCGLIB$$2439557e] is not eligible for getting processed by all BeanPostProcessors (for example: not eligible for auto-proxying)
""2017-07-27 21:10:12 - Executing SQL script from class path resource [schema.sql]
""2017-07-27 21:10:12 - Executed SQL script from class path resource [schema.sql] in 5 ms.
""2017-07-27 21:10:12 - Executing SQL script from class path resource [data.sql]
""2017-07-27 21:10:12 - Executed SQL script from class path resource [data.sql] in 13 ms.
""2017-07-27 21:10:12 - 

Using default security password: c7014358-e748-4c1b-a6f1-0793c31413d9

""2017-07-27 21:10:12 - Mapped "{[/people/{myId}/messages],methods=[POST]}" onto public org.springframework.http.ResponseEntity<java.lang.Void> org.twitter.messenger.controller.MessageController.postMessage(org.twitter.messenger.model.Message,java.lang.String)
""2017-07-27 21:10:12 - Mapped "{[/people/{myId}/messages],methods=[GET]}" onto public org.springframework.http.ResponseEntity<java.util.List<org.twitter.messenger.modelwrapper.MessageWrapper>> org.twitter.messenger.controller.MessageController.getMessages(java.lang.String,java.lang.String)
""2017-07-27 21:10:12 - Mapped "{[/people],methods=[GET]}" onto public org.springframework.http.ResponseEntity<java.util.List<org.twitter.messenger.model.Person>> org.twitter.messenger.controller.PersonController.getPeople()
""2017-07-27 21:10:12 - Mapped "{[/people/{personId}],methods=[GET]}" onto public org.springframework.http.ResponseEntity<org.twitter.messenger.model.Person> org.twitter.messenger.controller.PersonController.getPerson(java.lang.String)
""2017-07-27 21:10:12 - Mapped "{[/people/{myId}/followers],methods=[GET]}" onto public org.springframework.http.ResponseEntity<java.util.List<org.twitter.messenger.modelwrapper.PersonWrapper>> org.twitter.messenger.controller.SocialController.getFollowers(java.lang.String)
""2017-07-27 21:10:12 - Mapped "{[/people/{myId}/following],methods=[GET]}" onto public org.springframework.http.ResponseEntity<java.util.List<org.twitter.messenger.model.Person>> org.twitter.messenger.controller.SocialController.getFollowings(java.lang.String)
""2017-07-27 21:10:12 - Mapped "{[/people/{myId}/followers/{personId}],methods=[DELETE]}" onto public org.springframework.http.ResponseEntity<java.lang.Void> org.twitter.messenger.controller.SocialController.unFollow(java.lang.String,java.lang.String)
""2017-07-27 21:10:12 - Mapped "{[/people/{myId}/followers/{followPersonId}],methods=[POST]}" onto public org.springframework.http.ResponseEntity<java.lang.Void> org.twitter.messenger.controller.SocialController.addFollower(java.lang.String,java.lang.String)
""2017-07-27 21:10:12 - Mapped "{[/error],produces=[text/html]}" onto public org.springframework.web.servlet.ModelAndView org.springframework.boot.autoconfigure.web.BasicErrorController.errorHtml(javax.servlet.http.HttpServletRequest,javax.servlet.http.HttpServletResponse)
""2017-07-27 21:10:12 - Mapped "{[/error]}" onto public org.springframework.http.ResponseEntity<java.util.Map<java.lang.String, java.lang.Object>> org.springframework.boot.autoconfigure.web.BasicErrorController.error(javax.servlet.http.HttpServletRequest)
""2017-07-27 21:10:12 - Creating filter chain: org.springframework.security.web.util.matcher.AnyRequestMatcher@1, [org.springframework.security.web.context.request.async.WebAsyncManagerIntegrationFilter@3733f3a7, org.springframework.security.web.context.SecurityContextPersistenceFilter@51debbcd, org.springframework.security.web.header.HeaderWriterFilter@7b65bfdb, org.springframework.web.filter.CorsFilter@38ec0c08, org.springframework.security.web.authentication.logout.LogoutFilter@ceac77f, org.springframework.security.web.authentication.www.BasicAuthenticationFilter@2ee381f8, org.springframework.security.web.savedrequest.RequestCacheAwareFilter@540e9a03, org.springframework.security.web.servletapi.SecurityContextHolderAwareRequestFilter@2c37c3e, org.springframework.security.web.authentication.AnonymousAuthenticationFilter@1b263976, org.springframework.security.web.session.SessionManagementFilter@17032495, org.springframework.security.web.access.ExceptionTranslationFilter@2c65361b, org.springframework.security.web.access.intercept.FilterSecurityInterceptor@27b09b38]
""2017-07-27 21:10:12 - Creating filter chain: Ant [pattern='/h2-console/**'], [org.springframework.security.web.context.request.async.WebAsyncManagerIntegrationFilter@1ed637fe, org.springframework.security.web.context.SecurityContextPersistenceFilter@3408ea79, org.springframework.security.web.header.HeaderWriterFilter@79dabe21, org.springframework.security.web.authentication.logout.LogoutFilter@1f12b1d3, org.springframework.security.web.authentication.www.BasicAuthenticationFilter@6cbadb6a, org.springframework.security.web.savedrequest.RequestCacheAwareFilter@308f5a28, org.springframework.security.web.servletapi.SecurityContextHolderAwareRequestFilter@1c88d1ae, org.springframework.security.web.authentication.AnonymousAuthenticationFilter@6bc2df2b, org.springframework.security.web.session.SessionManagementFilter@4d49da06, org.springframework.security.web.access.ExceptionTranslationFilter@60ec8df5, org.springframework.security.web.access.intercept.FilterSecurityInterceptor@4cbc7c4c]
""2017-07-27 21:10:12 - Looking for @ControllerAdvice: org.springframework.web.context.support.GenericWebApplicationContext@1f2d65f: startup date [Thu Jul 27 21:10:11 EDT 2017]; root of context hierarchy
""2017-07-27 21:10:12 - Detected @ExceptionHandler methods in exceptionController
""2017-07-27 21:10:12 - Started SocialControllerTest in 1.089 seconds (JVM running for 7.207)
""2017-07-27 21:10:12 - Initializing Spring FrameworkServlet ''
""2017-07-27 21:10:12 - FrameworkServlet '': initialization started
""2017-07-27 21:10:12 - FrameworkServlet '': initialization completed in 6 ms
""2017-07-27 21:10:12 - getting followers for person with id 1
""2017-07-27 21:10:12 - Initializing Spring FrameworkServlet ''
""2017-07-27 21:10:12 - FrameworkServlet '': initialization started
""2017-07-27 21:10:12 - FrameworkServlet '': initialization completed in 3 ms
""2017-07-27 21:10:12 - getting following for operson with id 1
"]]></system-out>
  <system-err><![CDATA[]]></system-err>
</testsuite>
