<?xml version="1.0" encoding="UTF-8"?>
<testsuite name="org.twitter.messenger.controllertests.SocialControllerTest" tests="2" skipped="0" failures="0" errors="0" timestamp="2017-07-28T05:47:25" hostname="vinay-HP-Spectre-x360-Convertible" time="0.028">
  <properties/>
  <testcase name="getFollowers" classname="org.twitter.messenger.controllertests.SocialControllerTest" time="0.017"/>
  <testcase name="getFollowings" classname="org.twitter.messenger.controllertests.SocialControllerTest" time="0.01"/>
  <system-out><![CDATA["2017-07-28 01:47:24 - Neither @ContextConfiguration nor @ContextHierarchy found for test class [org.twitter.messenger.controllertests.SocialControllerTest], using SpringBootContextLoader
""2017-07-28 01:47:24 - Could not detect default resource locations for test class [org.twitter.messenger.controllertests.SocialControllerTest]: no resource found for suffixes {-context.xml, Context.groovy}.
""2017-07-28 01:47:24 - Loaded default TestExecutionListener class names from location [META-INF/spring.factories]: [org.springframework.boot.test.autoconfigure.restdocs.RestDocsTestExecutionListener, org.springframework.boot.test.autoconfigure.web.client.MockRestServiceServerResetTestExecutionListener, org.springframework.boot.test.autoconfigure.web.servlet.MockMvcPrintOnlyOnFailureTestExecutionListener, org.springframework.boot.test.autoconfigure.web.servlet.WebDriverTestExecutionListener, org.springframework.boot.test.mock.mockito.MockitoTestExecutionListener, org.springframework.boot.test.mock.mockito.ResetMocksTestExecutionListener, org.springframework.test.context.web.ServletTestExecutionListener, org.springframework.test.context.support.DirtiesContextBeforeModesTestExecutionListener, org.springframework.test.context.support.DependencyInjectionTestExecutionListener, org.springframework.test.context.support.DirtiesContextTestExecutionListener, org.springframework.test.context.transaction.TransactionalTestExecutionListener, org.springframework.test.context.jdbc.SqlScriptsTestExecutionListener]
""2017-07-28 01:47:24 - Using TestExecutionListeners: [org.springframework.test.context.web.ServletTestExecutionListener@3f10dc04, org.springframework.test.context.support.DirtiesContextBeforeModesTestExecutionListener@61e7ec42, org.springframework.boot.test.autoconfigure.SpringBootDependencyInjectionTestExecutionListener@5fbb9d34, org.springframework.test.context.support.DirtiesContextTestExecutionListener@5ec31d3b, org.springframework.test.context.transaction.TransactionalTestExecutionListener@678a1a1b, org.springframework.test.context.jdbc.SqlScriptsTestExecutionListener@39517f54, org.springframework.boot.test.mock.mockito.ResetMocksTestExecutionListener@3a000777, org.springframework.boot.test.autoconfigure.web.servlet.MockMvcPrintOnlyOnFailureTestExecutionListener@7c6cffc9, org.springframework.boot.test.mock.mockito.MockitoTestExecutionListener@4b81789d, org.springframework.boot.test.autoconfigure.web.client.MockRestServiceServerResetTestExecutionListener@79180566, org.springframework.boot.test.autoconfigure.web.servlet.WebDriverTestExecutionListener@43998e8d, org.springframework.boot.test.autoconfigure.restdocs.RestDocsTestExecutionListener@5890b380]
"
  .   ____          _            __ _ _
 /\\ / ___'_ __ _ _(_)_ __  __ _ \ \ \ \
( ( )\___ | '_ | '_| | '_ \/ _` | \ \ \ \
 \\/  ___)| |_)| | | | | || (_| |  ) ) ) )
  '  |____| .__|_| |_|_| |_\__, | / / / /
 =========|_|==============|___/=/_/_/_/
 :: Spring Boot ::        (v1.4.4.RELEASE)

"2017-07-28 01:47:24 - Starting SocialControllerTest on vinay-HP-Spectre-x360-Convertible with PID 5165 (started by vinay in /home/vinay/Downloads/challenge)
""2017-07-28 01:47:24 - No active profile set, falling back to default profiles: default
""2017-07-28 01:47:24 - Refreshing org.springframework.web.context.support.GenericWebApplicationContext@ae5310a: startup date [Fri Jul 28 01:47:24 EDT 2017]; root of context hierarchy
""2017-07-28 01:47:25 - Bean 'org.springframework.transaction.annotation.ProxyTransactionManagementConfiguration' of type [class org.springframework.transaction.annotation.ProxyTransactionManagementConfiguration$$EnhancerBySpringCGLIB$$96b482ba] is not eligible for getting processed by all BeanPostProcessors (for example: not eligible for auto-proxying)
""2017-07-28 01:47:25 - Executing SQL script from class path resource [schema.sql]
""2017-07-28 01:47:25 - Executed SQL script from class path resource [schema.sql] in 6 ms.
""2017-07-28 01:47:25 - Executing SQL script from class path resource [data.sql]
""2017-07-28 01:47:25 - Executed SQL script from class path resource [data.sql] in 14 ms.
""2017-07-28 01:47:25 - Mapped "{[/people/{myId}/messages],methods=[POST]}" onto public org.springframework.http.ResponseEntity<java.lang.Void> org.twitter.messenger.controller.MessageController.postMessage(org.twitter.messenger.model.Message,java.lang.String)
""2017-07-28 01:47:25 - Mapped "{[/people/{myId}/messages],methods=[GET]}" onto public org.springframework.http.ResponseEntity<java.util.List<org.twitter.messenger.modelwrapper.MessageWrapper>> org.twitter.messenger.controller.MessageController.getMessages(java.lang.String,java.lang.String)
""2017-07-28 01:47:25 - Mapped "{[/people/{personId}],methods=[GET]}" onto public org.springframework.http.ResponseEntity<org.twitter.messenger.model.Person> org.twitter.messenger.controller.PersonController.getPerson(java.lang.String)
""2017-07-28 01:47:25 - Mapped "{[/people],methods=[GET]}" onto public org.springframework.http.ResponseEntity<java.util.List<org.twitter.messenger.model.Person>> org.twitter.messenger.controller.PersonController.getPeople()
""2017-07-28 01:47:25 - Mapped "{[/people/{myId}/followers/{personId}],methods=[DELETE]}" onto public org.springframework.http.ResponseEntity<java.lang.Void> org.twitter.messenger.controller.SocialController.unFollow(java.lang.String,java.lang.String)
""2017-07-28 01:47:25 - Mapped "{[/people/{myId}/followers],methods=[GET]}" onto public org.springframework.http.ResponseEntity<java.util.List<org.twitter.messenger.modelwrapper.PersonWrapper>> org.twitter.messenger.controller.SocialController.getFollowers(java.lang.String)
""2017-07-28 01:47:25 - Mapped "{[/people/{myId}/following],methods=[GET]}" onto public org.springframework.http.ResponseEntity<java.util.List<org.twitter.messenger.model.Person>> org.twitter.messenger.controller.SocialController.getFollowings(java.lang.String)
""2017-07-28 01:47:25 - Mapped "{[/people/{myId}/followers/{followPersonId}],methods=[POST]}" onto public org.springframework.http.ResponseEntity<java.lang.Void> org.twitter.messenger.controller.SocialController.addFollower(java.lang.String,java.lang.String)
""2017-07-28 01:47:25 - Mapped "{[/error],produces=[text/html]}" onto public org.springframework.web.servlet.ModelAndView org.springframework.boot.autoconfigure.web.BasicErrorController.errorHtml(javax.servlet.http.HttpServletRequest,javax.servlet.http.HttpServletResponse)
""2017-07-28 01:47:25 - Mapped "{[/error]}" onto public org.springframework.http.ResponseEntity<java.util.Map<java.lang.String, java.lang.Object>> org.springframework.boot.autoconfigure.web.BasicErrorController.error(javax.servlet.http.HttpServletRequest)
""2017-07-28 01:47:25 - Creating filter chain: org.springframework.security.web.util.matcher.AnyRequestMatcher@1, [org.springframework.security.web.context.request.async.WebAsyncManagerIntegrationFilter@e5da0d7, org.springframework.security.web.context.SecurityContextPersistenceFilter@1ec55c40, org.springframework.security.web.header.HeaderWriterFilter@592a3783, org.springframework.web.filter.CorsFilter@219b1f25, org.springframework.security.web.authentication.logout.LogoutFilter@79dabe21, org.springframework.security.web.authentication.www.BasicAuthenticationFilter@212cf6a2, org.springframework.security.web.savedrequest.RequestCacheAwareFilter@68723957, org.springframework.security.web.servletapi.SecurityContextHolderAwareRequestFilter@60ec8df5, org.springframework.security.web.authentication.AnonymousAuthenticationFilter@5c5da7ba, org.springframework.security.web.session.SessionManagementFilter@736d5859, org.springframework.security.web.access.ExceptionTranslationFilter@1fef7f8, org.springframework.security.web.access.intercept.FilterSecurityInterceptor@6bc2df2b]
""2017-07-28 01:47:25 - Creating filter chain: Ant [pattern='/h2-console/**'], [org.springframework.security.web.context.request.async.WebAsyncManagerIntegrationFilter@7a538d5f, org.springframework.security.web.context.SecurityContextPersistenceFilter@47d53121, org.springframework.security.web.header.HeaderWriterFilter@29bb6ae9, org.springframework.security.web.authentication.logout.LogoutFilter@85099a7, org.springframework.security.web.authentication.www.BasicAuthenticationFilter@66e2fdb5, org.springframework.security.web.savedrequest.RequestCacheAwareFilter@391d188c, org.springframework.security.web.servletapi.SecurityContextHolderAwareRequestFilter@4b83c164, org.springframework.security.web.authentication.AnonymousAuthenticationFilter@2140cd77, org.springframework.security.web.session.SessionManagementFilter@391f41e2, org.springframework.security.web.access.ExceptionTranslationFilter@1e8c1740, org.springframework.security.web.access.intercept.FilterSecurityInterceptor@1fd84891]
""2017-07-28 01:47:25 - Looking for @ControllerAdvice: org.springframework.web.context.support.GenericWebApplicationContext@ae5310a: startup date [Fri Jul 28 01:47:24 EDT 2017]; root of context hierarchy
""2017-07-28 01:47:25 - Detected @ExceptionHandler methods in exceptionController
""2017-07-28 01:47:25 - Started SocialControllerTest in 0.94 seconds (JVM running for 7.323)
""2017-07-28 01:47:25 - Initializing Spring FrameworkServlet ''
""2017-07-28 01:47:25 - FrameworkServlet '': initialization started
""2017-07-28 01:47:25 - FrameworkServlet '': initialization completed in 8 ms
""2017-07-28 01:47:25 - getting followers for person with id 1
""2017-07-28 01:47:25 - Initializing Spring FrameworkServlet ''
""2017-07-28 01:47:25 - FrameworkServlet '': initialization started
""2017-07-28 01:47:25 - FrameworkServlet '': initialization completed in 2 ms
""2017-07-28 01:47:25 - getting following for operson with id 1
"]]></system-out>
  <system-err><![CDATA[]]></system-err>
</testsuite>
