<?xml version="1.0" encoding="UTF-8"?>
<testsuite name="org.twitter.messenger.controllertests.SocialControllerTest" tests="2" skipped="0" failures="0" errors="0" timestamp="2017-07-26T02:54:24" hostname="vinay-HP-Spectre-x360-Convertible" time="0.023">
  <properties/>
  <testcase name="getFollowers" classname="org.twitter.messenger.controllertests.SocialControllerTest" time="0.012"/>
  <testcase name="getFollowings" classname="org.twitter.messenger.controllertests.SocialControllerTest" time="0.008"/>
  <system-out><![CDATA[2017-07-25 22:54:23.961  INFO 23404 --- [    Test worker] .b.t.c.SpringBootTestContextBootstrapper : Neither @ContextConfiguration nor @ContextHierarchy found for test class [org.twitter.messenger.controllertests.SocialControllerTest], using SpringBootContextLoader
2017-07-25 22:54:23.962  INFO 23404 --- [    Test worker] o.s.t.c.support.AbstractContextLoader    : Could not detect default resource locations for test class [org.twitter.messenger.controllertests.SocialControllerTest]: no resource found for suffixes {-context.xml, Context.groovy}.
2017-07-25 22:54:23.967  INFO 23404 --- [    Test worker] .b.t.c.SpringBootTestContextBootstrapper : Loaded default TestExecutionListener class names from location [META-INF/spring.factories]: [org.springframework.boot.test.autoconfigure.restdocs.RestDocsTestExecutionListener, org.springframework.boot.test.autoconfigure.web.client.MockRestServiceServerResetTestExecutionListener, org.springframework.boot.test.autoconfigure.web.servlet.MockMvcPrintOnlyOnFailureTestExecutionListener, org.springframework.boot.test.autoconfigure.web.servlet.WebDriverTestExecutionListener, org.springframework.boot.test.mock.mockito.MockitoTestExecutionListener, org.springframework.boot.test.mock.mockito.ResetMocksTestExecutionListener, org.springframework.test.context.web.ServletTestExecutionListener, org.springframework.test.context.support.DirtiesContextBeforeModesTestExecutionListener, org.springframework.test.context.support.DependencyInjectionTestExecutionListener, org.springframework.test.context.support.DirtiesContextTestExecutionListener, org.springframework.test.context.transaction.TransactionalTestExecutionListener, org.springframework.test.context.jdbc.SqlScriptsTestExecutionListener]
2017-07-25 22:54:23.969  INFO 23404 --- [    Test worker] .b.t.c.SpringBootTestContextBootstrapper : Using TestExecutionListeners: [org.springframework.test.context.web.ServletTestExecutionListener@17b3836b, org.springframework.test.context.support.DirtiesContextBeforeModesTestExecutionListener@31fa4ef3, org.springframework.boot.test.autoconfigure.SpringBootDependencyInjectionTestExecutionListener@2e60ee19, org.springframework.test.context.support.DirtiesContextTestExecutionListener@3875bd17, org.springframework.test.context.transaction.TransactionalTestExecutionListener@3356d9a9, org.springframework.test.context.jdbc.SqlScriptsTestExecutionListener@503884e6, org.springframework.boot.test.autoconfigure.restdocs.RestDocsTestExecutionListener@7981a8de, org.springframework.boot.test.autoconfigure.web.servlet.MockMvcPrintOnlyOnFailureTestExecutionListener@6c093ffc, org.springframework.boot.test.autoconfigure.web.client.MockRestServiceServerResetTestExecutionListener@69173845, org.springframework.boot.test.autoconfigure.web.servlet.WebDriverTestExecutionListener@7d1c8e35, org.springframework.boot.test.mock.mockito.MockitoTestExecutionListener@9af0e10, org.springframework.boot.test.mock.mockito.ResetMocksTestExecutionListener@2c7c3606]

  .   ____          _            __ _ _
 /\\ / ___'_ __ _ _(_)_ __  __ _ \ \ \ \
( ( )\___ | '_ | '_| | '_ \/ _` | \ \ \ \
 \\/  ___)| |_)| | | | | || (_| |  ) ) ) )
  '  |____| .__|_| |_|_| |_\__, | / / / /
 =========|_|==============|___/=/_/_/_/
 :: Spring Boot ::        (v1.4.4.RELEASE)

2017-07-25 22:54:24.002  INFO 23404 --- [    Test worker] o.t.m.c.SocialControllerTest             : Starting SocialControllerTest on vinay-HP-Spectre-x360-Convertible with PID 23404 (started by vinay in /home/vinay/Downloads/challenge)
2017-07-25 22:54:24.004  INFO 23404 --- [    Test worker] o.t.m.c.SocialControllerTest             : No active profile set, falling back to default profiles: default
2017-07-25 22:54:24.006  INFO 23404 --- [    Test worker] o.s.w.c.s.GenericWebApplicationContext   : Refreshing org.springframework.web.context.support.GenericWebApplicationContext@3dc7eafc: startup date [Tue Jul 25 22:54:24 EDT 2017]; root of context hierarchy
2017-07-25 22:54:24.317  INFO 23404 --- [    Test worker] trationDelegate$BeanPostProcessorChecker : Bean 'org.springframework.transaction.annotation.ProxyTransactionManagementConfiguration' of type [class org.springframework.transaction.annotation.ProxyTransactionManagementConfiguration$$EnhancerBySpringCGLIB$$c136abad] is not eligible for getting processed by all BeanPostProcessors (for example: not eligible for auto-proxying)
2017-07-25 22:54:24.523  INFO 23404 --- [    Test worker] o.s.jdbc.datasource.init.ScriptUtils     : Executing SQL script from class path resource [schema.sql]
2017-07-25 22:54:24.532  INFO 23404 --- [    Test worker] o.s.jdbc.datasource.init.ScriptUtils     : Executed SQL script from class path resource [schema.sql] in 9 ms.
2017-07-25 22:54:24.534  INFO 23404 --- [    Test worker] o.s.jdbc.datasource.init.ScriptUtils     : Executing SQL script from class path resource [data.sql]
2017-07-25 22:54:24.552  INFO 23404 --- [    Test worker] o.s.jdbc.datasource.init.ScriptUtils     : Executed SQL script from class path resource [data.sql] in 18 ms.
2017-07-25 22:54:24.594  INFO 23404 --- [    Test worker] o.s.s.web.DefaultSecurityFilterChain     : Creating filter chain: org.springframework.security.web.util.matcher.AnyRequestMatcher@1, [org.springframework.security.web.context.request.async.WebAsyncManagerIntegrationFilter@42854cad, org.springframework.security.web.context.SecurityContextPersistenceFilter@11a7a9df, org.springframework.security.web.header.HeaderWriterFilter@70f75a6, org.springframework.security.web.authentication.logout.LogoutFilter@5cf4ee4b, org.springframework.security.web.authentication.www.BasicAuthenticationFilter@5d7e5479, org.springframework.security.web.savedrequest.RequestCacheAwareFilter@7531898, org.springframework.security.web.servletapi.SecurityContextHolderAwareRequestFilter@7b8def91, org.springframework.security.web.authentication.AnonymousAuthenticationFilter@4fed499f, org.springframework.security.web.session.SessionManagementFilter@4b1d986b, org.springframework.security.web.access.ExceptionTranslationFilter@486bd132, org.springframework.security.web.access.intercept.FilterSecurityInterceptor@7a007650]
2017-07-25 22:54:24.676  INFO 23404 --- [    Test worker] s.w.s.m.m.a.RequestMappingHandlerAdapter : Looking for @ControllerAdvice: org.springframework.web.context.support.GenericWebApplicationContext@3dc7eafc: startup date [Tue Jul 25 22:54:24 EDT 2017]; root of context hierarchy
2017-07-25 22:54:24.688  INFO 23404 --- [    Test worker] s.w.s.m.m.a.RequestMappingHandlerMapping : Mapped "{[/people/{myId}/messages],methods=[GET]}" onto public org.springframework.http.ResponseEntity<java.util.List<org.twitter.messenger.modelwrapper.MessageWrapper>> org.twitter.messenger.controller.MessageController.getMessages(java.lang.String,java.lang.String)
2017-07-25 22:54:24.689  INFO 23404 --- [    Test worker] s.w.s.m.m.a.RequestMappingHandlerMapping : Mapped "{[/people/{myId}/messages],methods=[POST],produces=[application/json]}" onto public org.springframework.http.ResponseEntity<java.lang.Void> org.twitter.messenger.controller.MessageController.postMessage(org.twitter.messenger.model.Message,java.lang.String)
2017-07-25 22:54:24.689  INFO 23404 --- [    Test worker] s.w.s.m.m.a.RequestMappingHandlerMapping : Mapped "{[/people/{myUserId}]}" onto public java.lang.String org.twitter.messenger.controller.PersonController.helloMessage()
2017-07-25 22:54:24.691  INFO 23404 --- [    Test worker] s.w.s.m.m.a.RequestMappingHandlerMapping : Mapped "{[/people/{followerPersonId}/following],methods=[GET]}" onto public org.springframework.http.ResponseEntity<java.util.List<org.twitter.messenger.modelwrapper.PersonWrapper>> org.twitter.messenger.controller.SocialController.getFollowings(java.lang.String)
2017-07-25 22:54:24.691  INFO 23404 --- [    Test worker] s.w.s.m.m.a.RequestMappingHandlerMapping : Mapped "{[/people/{followerPersonId}/followers],methods=[GET]}" onto public org.springframework.http.ResponseEntity<java.util.List<org.twitter.messenger.modelwrapper.PersonWrapper>> org.twitter.messenger.controller.SocialController.getFollowers(java.lang.String)
2017-07-25 22:54:24.691  INFO 23404 --- [    Test worker] s.w.s.m.m.a.RequestMappingHandlerMapping : Mapped "{[/people/{followerPersonId}/followers/{personId}],methods=[DELETE]}" onto public org.springframework.http.ResponseEntity<java.lang.Void> org.twitter.messenger.controller.SocialController.unFollow(java.lang.String,java.lang.String)
2017-07-25 22:54:24.691  INFO 23404 --- [    Test worker] s.w.s.m.m.a.RequestMappingHandlerMapping : Mapped "{[/people/{followerPersonId}/followers/{personId}],methods=[POST]}" onto public org.springframework.http.ResponseEntity<java.lang.Void> org.twitter.messenger.controller.SocialController.addFollower(java.lang.String,java.lang.String)
2017-07-25 22:54:24.693  INFO 23404 --- [    Test worker] s.w.s.m.m.a.RequestMappingHandlerMapping : Mapped "{[/error],produces=[text/html]}" onto public org.springframework.web.servlet.ModelAndView org.springframework.boot.autoconfigure.web.BasicErrorController.errorHtml(javax.servlet.http.HttpServletRequest,javax.servlet.http.HttpServletResponse)
2017-07-25 22:54:24.693  INFO 23404 --- [    Test worker] s.w.s.m.m.a.RequestMappingHandlerMapping : Mapped "{[/error]}" onto public org.springframework.http.ResponseEntity<java.util.Map<java.lang.String, java.lang.Object>> org.springframework.boot.autoconfigure.web.BasicErrorController.error(javax.servlet.http.HttpServletRequest)
2017-07-25 22:54:24.708  INFO 23404 --- [    Test worker] o.s.w.s.handler.SimpleUrlHandlerMapping  : Mapped URL path [/webjars/**] onto handler of type [class org.springframework.web.servlet.resource.ResourceHttpRequestHandler]
2017-07-25 22:54:24.708  INFO 23404 --- [    Test worker] o.s.w.s.handler.SimpleUrlHandlerMapping  : Mapped URL path [/**] onto handler of type [class org.springframework.web.servlet.resource.ResourceHttpRequestHandler]
2017-07-25 22:54:24.719  INFO 23404 --- [    Test worker] .m.m.a.ExceptionHandlerExceptionResolver : Detected @ExceptionHandler methods in exceptionController
2017-07-25 22:54:24.731  INFO 23404 --- [    Test worker] o.s.w.s.handler.SimpleUrlHandlerMapping  : Mapped URL path [/**/favicon.ico] onto handler of type [class org.springframework.web.servlet.resource.ResourceHttpRequestHandler]
2017-07-25 22:54:24.759  INFO 23404 --- [    Test worker] b.a.s.AuthenticationManagerConfiguration : 

Using default security password: cd54d061-d54a-4c52-9aba-0cb42424da0f

2017-07-25 22:54:24.871  INFO 23404 --- [    Test worker] o.t.m.c.SocialControllerTest             : Started SocialControllerTest in 0.897 seconds (JVM running for 5.478)
2017-07-25 22:54:24.878  INFO 23404 --- [    Test worker] o.s.b.t.m.w.SpringBootMockServletContext : Initializing Spring FrameworkServlet ''
2017-07-25 22:54:24.879  INFO 23404 --- [    Test worker] o.s.t.web.servlet.TestDispatcherServlet  : FrameworkServlet '': initialization started
2017-07-25 22:54:24.883  INFO 23404 --- [    Test worker] o.s.t.web.servlet.TestDispatcherServlet  : FrameworkServlet '': initialization completed in 4 ms
2017-07-25 22:54:24.894  INFO 23404 --- [    Test worker] o.s.b.t.m.w.SpringBootMockServletContext : Initializing Spring FrameworkServlet ''
2017-07-25 22:54:24.894  INFO 23404 --- [    Test worker] o.s.t.web.servlet.TestDispatcherServlet  : FrameworkServlet '': initialization started
2017-07-25 22:54:24.896  INFO 23404 --- [    Test worker] o.s.t.web.servlet.TestDispatcherServlet  : FrameworkServlet '': initialization completed in 2 ms
]]></system-out>
  <system-err><![CDATA[]]></system-err>
</testsuite>
