<?xml version="1.0" encoding="UTF-8"?>
<testsuite name="org.twitter.messenger.controllertests.MessageControllerTest" tests="1" skipped="0" failures="0" errors="0" timestamp="2017-07-26T02:54:23" hostname="vinay-HP-Spectre-x360-Convertible" time="0.157">
  <properties/>
  <testcase name="getMessages" classname="org.twitter.messenger.controllertests.MessageControllerTest" time="0.157"/>
  <system-out><![CDATA[22:54:20.350 [Test worker] DEBUG org.springframework.test.context.junit4.SpringJUnit4ClassRunner - SpringJUnit4ClassRunner constructor called with [class org.twitter.messenger.controllertests.MessageControllerTest]
22:54:20.350 [Test worker] DEBUG org.springframework.test.context.BootstrapUtils - Instantiating CacheAwareContextLoaderDelegate from class [org.springframework.test.context.cache.DefaultCacheAwareContextLoaderDelegate]
22:54:20.350 [Test worker] DEBUG org.springframework.test.context.BootstrapUtils - Instantiating BootstrapContext using constructor [public org.springframework.test.context.support.DefaultBootstrapContext(java.lang.Class,org.springframework.test.context.CacheAwareContextLoaderDelegate)]
22:54:20.354 [Test worker] DEBUG org.springframework.test.context.BootstrapUtils - Instantiating TestContextBootstrapper for test class [org.twitter.messenger.controllertests.MessageControllerTest] from class [org.springframework.boot.test.context.SpringBootTestContextBootstrapper]
22:54:20.358 [Test worker] INFO org.springframework.boot.test.context.SpringBootTestContextBootstrapper - Neither @ContextConfiguration nor @ContextHierarchy found for test class [org.twitter.messenger.controllertests.MessageControllerTest], using SpringBootContextLoader
22:54:20.359 [Test worker] DEBUG org.springframework.test.context.support.AbstractContextLoader - Did not detect default resource location for test class [org.twitter.messenger.controllertests.MessageControllerTest]: class path resource [org/twitter/messenger/controllertests/MessageControllerTest-context.xml] does not exist
22:54:20.359 [Test worker] DEBUG org.springframework.test.context.support.AbstractContextLoader - Did not detect default resource location for test class [org.twitter.messenger.controllertests.MessageControllerTest]: class path resource [org/twitter/messenger/controllertests/MessageControllerTestContext.groovy] does not exist
22:54:20.359 [Test worker] INFO org.springframework.test.context.support.AbstractContextLoader - Could not detect default resource locations for test class [org.twitter.messenger.controllertests.MessageControllerTest]: no resource found for suffixes {-context.xml, Context.groovy}.
22:54:20.367 [Test worker] DEBUG org.springframework.test.context.support.ActiveProfilesUtils - Could not find an 'annotation declaring class' for annotation type [org.springframework.test.context.ActiveProfiles] and class [org.twitter.messenger.controllertests.MessageControllerTest]
22:54:20.386 [Test worker] DEBUG org.springframework.boot.test.context.SpringBootTestContextBootstrapper - @TestExecutionListeners is not present for class [org.twitter.messenger.controllertests.MessageControllerTest]: using defaults.
22:54:20.389 [Test worker] INFO org.springframework.boot.test.context.SpringBootTestContextBootstrapper - Loaded default TestExecutionListener class names from location [META-INF/spring.factories]: [org.springframework.boot.test.autoconfigure.restdocs.RestDocsTestExecutionListener, org.springframework.boot.test.autoconfigure.web.client.MockRestServiceServerResetTestExecutionListener, org.springframework.boot.test.autoconfigure.web.servlet.MockMvcPrintOnlyOnFailureTestExecutionListener, org.springframework.boot.test.autoconfigure.web.servlet.WebDriverTestExecutionListener, org.springframework.boot.test.mock.mockito.MockitoTestExecutionListener, org.springframework.boot.test.mock.mockito.ResetMocksTestExecutionListener, org.springframework.test.context.web.ServletTestExecutionListener, org.springframework.test.context.support.DirtiesContextBeforeModesTestExecutionListener, org.springframework.test.context.support.DependencyInjectionTestExecutionListener, org.springframework.test.context.support.DirtiesContextTestExecutionListener, org.springframework.test.context.transaction.TransactionalTestExecutionListener, org.springframework.test.context.jdbc.SqlScriptsTestExecutionListener]
22:54:20.392 [Test worker] INFO org.springframework.boot.test.context.SpringBootTestContextBootstrapper - Using TestExecutionListeners: [org.springframework.test.context.web.ServletTestExecutionListener@3dd41f9e, org.springframework.test.context.support.DirtiesContextBeforeModesTestExecutionListener@72e4ebfd, org.springframework.boot.test.autoconfigure.SpringBootDependencyInjectionTestExecutionListener@6c1a1bbd, org.springframework.test.context.support.DirtiesContextTestExecutionListener@68dc15b0, org.springframework.test.context.transaction.TransactionalTestExecutionListener@7569dfda, org.springframework.test.context.jdbc.SqlScriptsTestExecutionListener@20877989, org.springframework.boot.test.autoconfigure.restdocs.RestDocsTestExecutionListener@1cfc59d7, org.springframework.boot.test.autoconfigure.web.servlet.MockMvcPrintOnlyOnFailureTestExecutionListener@1405be6d, org.springframework.boot.test.autoconfigure.web.client.MockRestServiceServerResetTestExecutionListener@2f293438, org.springframework.boot.test.autoconfigure.web.servlet.WebDriverTestExecutionListener@34f94b65, org.springframework.boot.test.mock.mockito.MockitoTestExecutionListener@4a358ecc, org.springframework.boot.test.mock.mockito.ResetMocksTestExecutionListener@737aa731]
22:54:20.393 [Test worker] DEBUG org.springframework.test.annotation.ProfileValueUtils - Retrieved @ProfileValueSourceConfiguration [null] for test class [org.twitter.messenger.controllertests.MessageControllerTest]
22:54:20.393 [Test worker] DEBUG org.springframework.test.annotation.ProfileValueUtils - Retrieved ProfileValueSource type [class org.springframework.test.annotation.SystemProfileValueSource] for class [org.twitter.messenger.controllertests.MessageControllerTest]
22:54:20.393 [Test worker] DEBUG org.springframework.test.annotation.ProfileValueUtils - Retrieved @ProfileValueSourceConfiguration [null] for test class [org.twitter.messenger.controllertests.MessageControllerTest]
22:54:20.393 [Test worker] DEBUG org.springframework.test.annotation.ProfileValueUtils - Retrieved ProfileValueSource type [class org.springframework.test.annotation.SystemProfileValueSource] for class [org.twitter.messenger.controllertests.MessageControllerTest]
22:54:20.394 [Test worker] DEBUG org.springframework.test.context.support.AbstractDirtiesContextTestExecutionListener - Before test class: context [DefaultTestContext@1594c592 testClass = MessageControllerTest, testInstance = [null], testMethod = [null], testException = [null], mergedContextConfiguration = [WebMergedContextConfiguration@6b481626 testClass = MessageControllerTest, locations = '{}', classes = '{class org.twitter.messenger.ChallengeApplication, class org.twitter.messenger.ChallengeApplication}', contextInitializerClasses = '[]', activeProfiles = '{}', propertySourceLocations = '{}', propertySourceProperties = '{org.springframework.boot.test.context.SpringBootTestContextBootstrapper=true}', contextCustomizers = set[org.springframework.boot.test.autoconfigure.properties.PropertyMappingContextCustomizer@0, org.springframework.boot.test.autoconfigure.web.servlet.WebDriverContextCustomizerFactory$Customizer@3ad864c, org.springframework.boot.test.context.SpringBootTestContextCustomizer@4863b126, org.springframework.boot.test.context.filter.ExcludeFilterContextCustomizer@5eef5988, org.springframework.boot.test.mock.mockito.MockitoContextCustomizer@8651fc60, org.springframework.test.context.web.socket.MockServerContainerContextCustomizer@2a584b98], resourceBasePath = 'src/main/webapp', contextLoader = 'org.springframework.boot.test.context.SpringBootContextLoader', parent = [null]]], class annotated with @DirtiesContext [false] with mode [null].
22:54:20.394 [Test worker] DEBUG org.springframework.test.annotation.ProfileValueUtils - Retrieved @ProfileValueSourceConfiguration [null] for test class [org.twitter.messenger.controllertests.MessageControllerTest]
22:54:20.394 [Test worker] DEBUG org.springframework.test.annotation.ProfileValueUtils - Retrieved ProfileValueSource type [class org.springframework.test.annotation.SystemProfileValueSource] for class [org.twitter.messenger.controllertests.MessageControllerTest]
22:54:20.462 [Test worker] DEBUG org.springframework.core.env.StandardEnvironment - Adding [systemProperties] PropertySource with lowest search precedence
22:54:20.462 [Test worker] DEBUG org.springframework.core.env.StandardEnvironment - Adding [systemEnvironment] PropertySource with lowest search precedence
22:54:20.463 [Test worker] DEBUG org.springframework.core.env.StandardEnvironment - Initialized StandardEnvironment with PropertySources [systemProperties,systemEnvironment]
22:54:20.464 [Test worker] DEBUG org.springframework.test.context.support.TestPropertySourceUtils - Adding inlined properties to environment: {spring.jmx.enabled=false, org.springframework.boot.test.context.SpringBootTestContextBootstrapper=true, server.port=-1}
22:54:20.465 [Test worker] DEBUG org.springframework.core.env.StandardEnvironment - Adding [Inlined Test Properties] PropertySource with highest search precedence

  .   ____          _            __ _ _
 /\\ / ___'_ __ _ _(_)_ __  __ _ \ \ \ \
( ( )\___ | '_ | '_| | '_ \/ _` | \ \ \ \
 \\/  ___)| |_)| | | | | || (_| |  ) ) ) )
  '  |____| .__|_| |_|_| |_\__, | / / / /
 =========|_|==============|___/=/_/_/_/
 :: Spring Boot ::        (v1.4.4.RELEASE)

2017-07-25 22:54:20.730  INFO 23404 --- [    Test worker] o.t.m.c.MessageControllerTest            : Starting MessageControllerTest on vinay-HP-Spectre-x360-Convertible with PID 23404 (started by vinay in /home/vinay/Downloads/challenge)
2017-07-25 22:54:20.731  INFO 23404 --- [    Test worker] o.t.m.c.MessageControllerTest            : No active profile set, falling back to default profiles: default
2017-07-25 22:54:20.778  INFO 23404 --- [    Test worker] o.s.w.c.s.GenericWebApplicationContext   : Refreshing org.springframework.web.context.support.GenericWebApplicationContext@6f6e6104: startup date [Tue Jul 25 22:54:20 EDT 2017]; root of context hierarchy
2017-07-25 22:54:21.848  INFO 23404 --- [    Test worker] trationDelegate$BeanPostProcessorChecker : Bean 'org.springframework.transaction.annotation.ProxyTransactionManagementConfiguration' of type [class org.springframework.transaction.annotation.ProxyTransactionManagementConfiguration$$EnhancerBySpringCGLIB$$c136abad] is not eligible for getting processed by all BeanPostProcessors (for example: not eligible for auto-proxying)
2017-07-25 22:54:22.583  INFO 23404 --- [    Test worker] o.s.jdbc.datasource.init.ScriptUtils     : Executing SQL script from class path resource [schema.sql]
2017-07-25 22:54:22.603  INFO 23404 --- [    Test worker] o.s.jdbc.datasource.init.ScriptUtils     : Executed SQL script from class path resource [schema.sql] in 20 ms.
2017-07-25 22:54:22.607  INFO 23404 --- [    Test worker] o.s.jdbc.datasource.init.ScriptUtils     : Executing SQL script from class path resource [data.sql]
2017-07-25 22:54:22.637  INFO 23404 --- [    Test worker] o.s.jdbc.datasource.init.ScriptUtils     : Executed SQL script from class path resource [data.sql] in 30 ms.
2017-07-25 22:54:23.031  INFO 23404 --- [    Test worker] o.s.s.web.DefaultSecurityFilterChain     : Creating filter chain: org.springframework.security.web.util.matcher.AnyRequestMatcher@1, [org.springframework.security.web.context.request.async.WebAsyncManagerIntegrationFilter@52a9e128, org.springframework.security.web.context.SecurityContextPersistenceFilter@5517faa4, org.springframework.security.web.header.HeaderWriterFilter@3841540a, org.springframework.security.web.authentication.logout.LogoutFilter@b09c79f, org.springframework.security.web.authentication.www.BasicAuthenticationFilter@5ea8269, org.springframework.security.web.savedrequest.RequestCacheAwareFilter@2717cb15, org.springframework.security.web.servletapi.SecurityContextHolderAwareRequestFilter@6023c06e, org.springframework.security.web.authentication.AnonymousAuthenticationFilter@280e7cbb, org.springframework.security.web.session.SessionManagementFilter@7c29c1b0, org.springframework.security.web.access.ExceptionTranslationFilter@799454d2, org.springframework.security.web.access.intercept.FilterSecurityInterceptor@20556bef]
2017-07-25 22:54:23.354  INFO 23404 --- [    Test worker] s.w.s.m.m.a.RequestMappingHandlerAdapter : Looking for @ControllerAdvice: org.springframework.web.context.support.GenericWebApplicationContext@6f6e6104: startup date [Tue Jul 25 22:54:20 EDT 2017]; root of context hierarchy
2017-07-25 22:54:23.414  INFO 23404 --- [    Test worker] s.w.s.m.m.a.RequestMappingHandlerMapping : Mapped "{[/people/{myId}/messages],methods=[GET]}" onto public org.springframework.http.ResponseEntity<java.util.List<org.twitter.messenger.modelwrapper.MessageWrapper>> org.twitter.messenger.controller.MessageController.getMessages(java.lang.String,java.lang.String)
2017-07-25 22:54:23.415  INFO 23404 --- [    Test worker] s.w.s.m.m.a.RequestMappingHandlerMapping : Mapped "{[/people/{myId}/messages],methods=[POST],produces=[application/json]}" onto public org.springframework.http.ResponseEntity<java.lang.Void> org.twitter.messenger.controller.MessageController.postMessage(org.twitter.messenger.model.Message,java.lang.String)
2017-07-25 22:54:23.418  INFO 23404 --- [    Test worker] s.w.s.m.m.a.RequestMappingHandlerMapping : Mapped "{[/people/{myUserId}]}" onto public java.lang.String org.twitter.messenger.controller.PersonController.helloMessage()
2017-07-25 22:54:23.419  INFO 23404 --- [    Test worker] s.w.s.m.m.a.RequestMappingHandlerMapping : Mapped "{[/people/{followerPersonId}/following],methods=[GET]}" onto public org.springframework.http.ResponseEntity<java.util.List<org.twitter.messenger.modelwrapper.PersonWrapper>> org.twitter.messenger.controller.SocialController.getFollowings(java.lang.String)
2017-07-25 22:54:23.420  INFO 23404 --- [    Test worker] s.w.s.m.m.a.RequestMappingHandlerMapping : Mapped "{[/people/{followerPersonId}/followers],methods=[GET]}" onto public org.springframework.http.ResponseEntity<java.util.List<org.twitter.messenger.modelwrapper.PersonWrapper>> org.twitter.messenger.controller.SocialController.getFollowers(java.lang.String)
2017-07-25 22:54:23.420  INFO 23404 --- [    Test worker] s.w.s.m.m.a.RequestMappingHandlerMapping : Mapped "{[/people/{followerPersonId}/followers/{personId}],methods=[DELETE]}" onto public org.springframework.http.ResponseEntity<java.lang.Void> org.twitter.messenger.controller.SocialController.unFollow(java.lang.String,java.lang.String)
2017-07-25 22:54:23.421  INFO 23404 --- [    Test worker] s.w.s.m.m.a.RequestMappingHandlerMapping : Mapped "{[/people/{followerPersonId}/followers/{personId}],methods=[POST]}" onto public org.springframework.http.ResponseEntity<java.lang.Void> org.twitter.messenger.controller.SocialController.addFollower(java.lang.String,java.lang.String)
2017-07-25 22:54:23.423  INFO 23404 --- [    Test worker] s.w.s.m.m.a.RequestMappingHandlerMapping : Mapped "{[/error],produces=[text/html]}" onto public org.springframework.web.servlet.ModelAndView org.springframework.boot.autoconfigure.web.BasicErrorController.errorHtml(javax.servlet.http.HttpServletRequest,javax.servlet.http.HttpServletResponse)
2017-07-25 22:54:23.423  INFO 23404 --- [    Test worker] s.w.s.m.m.a.RequestMappingHandlerMapping : Mapped "{[/error]}" onto public org.springframework.http.ResponseEntity<java.util.Map<java.lang.String, java.lang.Object>> org.springframework.boot.autoconfigure.web.BasicErrorController.error(javax.servlet.http.HttpServletRequest)
2017-07-25 22:54:23.449  INFO 23404 --- [    Test worker] o.s.w.s.handler.SimpleUrlHandlerMapping  : Mapped URL path [/webjars/**] onto handler of type [class org.springframework.web.servlet.resource.ResourceHttpRequestHandler]
2017-07-25 22:54:23.449  INFO 23404 --- [    Test worker] o.s.w.s.handler.SimpleUrlHandlerMapping  : Mapped URL path [/**] onto handler of type [class org.springframework.web.servlet.resource.ResourceHttpRequestHandler]
2017-07-25 22:54:23.464  INFO 23404 --- [    Test worker] .m.m.a.ExceptionHandlerExceptionResolver : Detected @ExceptionHandler methods in exceptionController
2017-07-25 22:54:23.490  INFO 23404 --- [    Test worker] o.s.w.s.handler.SimpleUrlHandlerMapping  : Mapped URL path [/**/favicon.ico] onto handler of type [class org.springframework.web.servlet.resource.ResourceHttpRequestHandler]
2017-07-25 22:54:23.569  INFO 23404 --- [    Test worker] b.a.s.AuthenticationManagerConfiguration : 

Using default security password: d0ae5d32-c682-4744-90f8-334630577923

2017-07-25 22:54:23.773  INFO 23404 --- [    Test worker] o.t.m.c.MessageControllerTest            : Started MessageControllerTest in 3.302 seconds (JVM running for 4.38)
2017-07-25 22:54:23.812  INFO 23404 --- [    Test worker] o.s.b.t.m.w.SpringBootMockServletContext : Initializing Spring FrameworkServlet ''
2017-07-25 22:54:23.813  INFO 23404 --- [    Test worker] o.s.t.web.servlet.TestDispatcherServlet  : FrameworkServlet '': initialization started
2017-07-25 22:54:23.828  INFO 23404 --- [    Test worker] o.s.t.web.servlet.TestDispatcherServlet  : FrameworkServlet '': initialization completed in 15 ms
]]></system-out>
  <system-err><![CDATA[]]></system-err>
</testsuite>
