<?xml version="1.0" encoding="UTF-8"?>
<testsuite name="org.twitter.messenger.controllertests.MessageControllerTest" tests="1" skipped="0" failures="0" errors="0" timestamp="2017-07-28T05:47:24" hostname="vinay-HP-Spectre-x360-Convertible" time="0.151">
  <properties/>
  <testcase name="getMessages" classname="org.twitter.messenger.controllertests.MessageControllerTest" time="0.151"/>
  <system-out><![CDATA["2017-07-28 01:47:23 - Neither @ContextConfiguration nor @ContextHierarchy found for test class [org.twitter.messenger.controllertests.MessageControllerTest], using SpringBootContextLoader
""2017-07-28 01:47:23 - Could not detect default resource locations for test class [org.twitter.messenger.controllertests.MessageControllerTest]: no resource found for suffixes {-context.xml, Context.groovy}.
""2017-07-28 01:47:23 - Loaded default TestExecutionListener class names from location [META-INF/spring.factories]: [org.springframework.boot.test.autoconfigure.restdocs.RestDocsTestExecutionListener, org.springframework.boot.test.autoconfigure.web.client.MockRestServiceServerResetTestExecutionListener, org.springframework.boot.test.autoconfigure.web.servlet.MockMvcPrintOnlyOnFailureTestExecutionListener, org.springframework.boot.test.autoconfigure.web.servlet.WebDriverTestExecutionListener, org.springframework.boot.test.mock.mockito.MockitoTestExecutionListener, org.springframework.boot.test.mock.mockito.ResetMocksTestExecutionListener, org.springframework.test.context.web.ServletTestExecutionListener, org.springframework.test.context.support.DirtiesContextBeforeModesTestExecutionListener, org.springframework.test.context.support.DependencyInjectionTestExecutionListener, org.springframework.test.context.support.DirtiesContextTestExecutionListener, org.springframework.test.context.transaction.TransactionalTestExecutionListener, org.springframework.test.context.jdbc.SqlScriptsTestExecutionListener]
""2017-07-28 01:47:23 - Using TestExecutionListeners: [org.springframework.test.context.web.ServletTestExecutionListener@176ba7c4, org.springframework.test.context.support.DirtiesContextBeforeModesTestExecutionListener@3c0256ba, org.springframework.boot.test.autoconfigure.SpringBootDependencyInjectionTestExecutionListener@5b279c43, org.springframework.test.context.support.DirtiesContextTestExecutionListener@1b979da9, org.springframework.test.context.transaction.TransactionalTestExecutionListener@51085c98, org.springframework.test.context.jdbc.SqlScriptsTestExecutionListener@7f916785, org.springframework.boot.test.mock.mockito.ResetMocksTestExecutionListener@18b329b0, org.springframework.boot.test.autoconfigure.web.servlet.MockMvcPrintOnlyOnFailureTestExecutionListener@3fee95da, org.springframework.boot.test.mock.mockito.MockitoTestExecutionListener@2c11f223, org.springframework.boot.test.autoconfigure.web.client.MockRestServiceServerResetTestExecutionListener@5848056b, org.springframework.boot.test.autoconfigure.web.servlet.WebDriverTestExecutionListener@59b7597b, org.springframework.boot.test.autoconfigure.restdocs.RestDocsTestExecutionListener@123c57d2]
"
  .   ____          _            __ _ _
 /\\ / ___'_ __ _ _(_)_ __  __ _ \ \ \ \
( ( )\___ | '_ | '_| | '_ \/ _` | \ \ \ \
 \\/  ___)| |_)| | | | | || (_| |  ) ) ) )
  '  |____| .__|_| |_|_| |_\__, | / / / /
 =========|_|==============|___/=/_/_/_/
 :: Spring Boot ::        (v1.4.4.RELEASE)

"2017-07-28 01:47:23 - Starting MessageControllerTest on vinay-HP-Spectre-x360-Convertible with PID 5165 (started by vinay in /home/vinay/Downloads/challenge)
""2017-07-28 01:47:23 - No active profile set, falling back to default profiles: default
""2017-07-28 01:47:23 - Refreshing org.springframework.web.context.support.GenericWebApplicationContext@4fe16ca8: startup date [Fri Jul 28 01:47:23 EDT 2017]; root of context hierarchy
""2017-07-28 01:47:23 - Bean 'org.springframework.transaction.annotation.ProxyTransactionManagementConfiguration' of type [class org.springframework.transaction.annotation.ProxyTransactionManagementConfiguration$$EnhancerBySpringCGLIB$$96b482ba] is not eligible for getting processed by all BeanPostProcessors (for example: not eligible for auto-proxying)
""2017-07-28 01:47:24 - Executing SQL script from class path resource [schema.sql]
""2017-07-28 01:47:24 - Executed SQL script from class path resource [schema.sql] in 7 ms.
""2017-07-28 01:47:24 - Executing SQL script from class path resource [data.sql]
""2017-07-28 01:47:24 - Executed SQL script from class path resource [data.sql] in 15 ms.
""2017-07-28 01:47:24 - Mapped "{[/people/{myId}/messages],methods=[POST]}" onto public org.springframework.http.ResponseEntity<java.lang.Void> org.twitter.messenger.controller.MessageController.postMessage(org.twitter.messenger.model.Message,java.lang.String)
""2017-07-28 01:47:24 - Mapped "{[/people/{myId}/messages],methods=[GET]}" onto public org.springframework.http.ResponseEntity<java.util.List<org.twitter.messenger.modelwrapper.MessageWrapper>> org.twitter.messenger.controller.MessageController.getMessages(java.lang.String,java.lang.String)
""2017-07-28 01:47:24 - Mapped "{[/people/{personId}],methods=[GET]}" onto public org.springframework.http.ResponseEntity<org.twitter.messenger.model.Person> org.twitter.messenger.controller.PersonController.getPerson(java.lang.String)
""2017-07-28 01:47:24 - Mapped "{[/people],methods=[GET]}" onto public org.springframework.http.ResponseEntity<java.util.List<org.twitter.messenger.model.Person>> org.twitter.messenger.controller.PersonController.getPeople()
""2017-07-28 01:47:24 - Mapped "{[/people/{myId}/followers/{personId}],methods=[DELETE]}" onto public org.springframework.http.ResponseEntity<java.lang.Void> org.twitter.messenger.controller.SocialController.unFollow(java.lang.String,java.lang.String)
""2017-07-28 01:47:24 - Mapped "{[/people/{myId}/followers],methods=[GET]}" onto public org.springframework.http.ResponseEntity<java.util.List<org.twitter.messenger.modelwrapper.PersonWrapper>> org.twitter.messenger.controller.SocialController.getFollowers(java.lang.String)
""2017-07-28 01:47:24 - Mapped "{[/people/{myId}/following],methods=[GET]}" onto public org.springframework.http.ResponseEntity<java.util.List<org.twitter.messenger.model.Person>> org.twitter.messenger.controller.SocialController.getFollowings(java.lang.String)
""2017-07-28 01:47:24 - Mapped "{[/people/{myId}/followers/{followPersonId}],methods=[POST]}" onto public org.springframework.http.ResponseEntity<java.lang.Void> org.twitter.messenger.controller.SocialController.addFollower(java.lang.String,java.lang.String)
""2017-07-28 01:47:24 - Mapped "{[/error],produces=[text/html]}" onto public org.springframework.web.servlet.ModelAndView org.springframework.boot.autoconfigure.web.BasicErrorController.errorHtml(javax.servlet.http.HttpServletRequest,javax.servlet.http.HttpServletResponse)
""2017-07-28 01:47:24 - Mapped "{[/error]}" onto public org.springframework.http.ResponseEntity<java.util.Map<java.lang.String, java.lang.Object>> org.springframework.boot.autoconfigure.web.BasicErrorController.error(javax.servlet.http.HttpServletRequest)
""2017-07-28 01:47:24 - Creating filter chain: org.springframework.security.web.util.matcher.AnyRequestMatcher@1, [org.springframework.security.web.context.request.async.WebAsyncManagerIntegrationFilter@42f94a61, org.springframework.security.web.context.SecurityContextPersistenceFilter@5ba55d5e, org.springframework.security.web.header.HeaderWriterFilter@6572ce7b, org.springframework.web.filter.CorsFilter@527c6a02, org.springframework.security.web.authentication.logout.LogoutFilter@4cf762ff, org.springframework.security.web.authentication.www.BasicAuthenticationFilter@156f6fba, org.springframework.security.web.savedrequest.RequestCacheAwareFilter@71d85c61, org.springframework.security.web.servletapi.SecurityContextHolderAwareRequestFilter@22a4537, org.springframework.security.web.authentication.AnonymousAuthenticationFilter@6c45f50b, org.springframework.security.web.session.SessionManagementFilter@59f2ec29, org.springframework.security.web.access.ExceptionTranslationFilter@753bfd86, org.springframework.security.web.access.intercept.FilterSecurityInterceptor@17952244]
""2017-07-28 01:47:24 - Creating filter chain: Ant [pattern='/h2-console/**'], [org.springframework.security.web.context.request.async.WebAsyncManagerIntegrationFilter@5d912255, org.springframework.security.web.context.SecurityContextPersistenceFilter@1f67e6db, org.springframework.security.web.header.HeaderWriterFilter@5677fb02, org.springframework.security.web.authentication.logout.LogoutFilter@7afc272a, org.springframework.security.web.authentication.www.BasicAuthenticationFilter@5a0d4790, org.springframework.security.web.savedrequest.RequestCacheAwareFilter@23484db5, org.springframework.security.web.servletapi.SecurityContextHolderAwareRequestFilter@4a0e1d35, org.springframework.security.web.authentication.AnonymousAuthenticationFilter@7a697f96, org.springframework.security.web.session.SessionManagementFilter@4c8f89af, org.springframework.security.web.access.ExceptionTranslationFilter@6b0ae329, org.springframework.security.web.access.intercept.FilterSecurityInterceptor@2acb9e19]
""2017-07-28 01:47:24 - Looking for @ControllerAdvice: org.springframework.web.context.support.GenericWebApplicationContext@4fe16ca8: startup date [Fri Jul 28 01:47:23 EDT 2017]; root of context hierarchy
""2017-07-28 01:47:24 - Detected @ExceptionHandler methods in exceptionController
""2017-07-28 01:47:24 - Started MessageControllerTest in 1.29 seconds (JVM running for 6.201)
""2017-07-28 01:47:24 - Initializing Spring FrameworkServlet ''
""2017-07-28 01:47:24 - FrameworkServlet '': initialization started
""2017-07-28 01:47:24 - FrameworkServlet '': initialization completed in 13 ms
""2017-07-28 01:47:24 - getting all messages for the person with id 1
"]]></system-out>
  <system-err><![CDATA[]]></system-err>
</testsuite>
