<?xml version="1.0" encoding="UTF-8"?>
<testsuite name="org.twitter.messenger.controllertests.MessageControllerTest" tests="1" skipped="0" failures="0" errors="0" timestamp="2017-07-27T23:14:03" hostname="vinay-HP-Spectre-x360-Convertible" time="0.171">
  <properties/>
  <testcase name="getMessages" classname="org.twitter.messenger.controllertests.MessageControllerTest" time="0.171"/>
  <system-out><![CDATA[19:14:01.363 [Test worker] DEBUG org.springframework.test.context.junit4.SpringJUnit4ClassRunner - SpringJUnit4ClassRunner constructor called with [class org.twitter.messenger.controllertests.MessageControllerTest]
19:14:01.363 [Test worker] DEBUG org.springframework.test.context.BootstrapUtils - Instantiating CacheAwareContextLoaderDelegate from class [org.springframework.test.context.cache.DefaultCacheAwareContextLoaderDelegate]
19:14:01.364 [Test worker] DEBUG org.springframework.test.context.BootstrapUtils - Instantiating BootstrapContext using constructor [public org.springframework.test.context.support.DefaultBootstrapContext(java.lang.Class,org.springframework.test.context.CacheAwareContextLoaderDelegate)]
19:14:01.366 [Test worker] DEBUG org.springframework.test.context.BootstrapUtils - Instantiating TestContextBootstrapper for test class [org.twitter.messenger.controllertests.MessageControllerTest] from class [org.springframework.boot.test.context.SpringBootTestContextBootstrapper]
19:14:01.369 [Test worker] INFO org.springframework.boot.test.context.SpringBootTestContextBootstrapper - Neither @ContextConfiguration nor @ContextHierarchy found for test class [org.twitter.messenger.controllertests.MessageControllerTest], using SpringBootContextLoader
19:14:01.370 [Test worker] DEBUG org.springframework.test.context.support.AbstractContextLoader - Did not detect default resource location for test class [org.twitter.messenger.controllertests.MessageControllerTest]: class path resource [org/twitter/messenger/controllertests/MessageControllerTest-context.xml] does not exist
19:14:01.370 [Test worker] DEBUG org.springframework.test.context.support.AbstractContextLoader - Did not detect default resource location for test class [org.twitter.messenger.controllertests.MessageControllerTest]: class path resource [org/twitter/messenger/controllertests/MessageControllerTestContext.groovy] does not exist
19:14:01.370 [Test worker] INFO org.springframework.test.context.support.AbstractContextLoader - Could not detect default resource locations for test class [org.twitter.messenger.controllertests.MessageControllerTest]: no resource found for suffixes {-context.xml, Context.groovy}.
19:14:01.379 [Test worker] DEBUG org.springframework.test.context.support.ActiveProfilesUtils - Could not find an 'annotation declaring class' for annotation type [org.springframework.test.context.ActiveProfiles] and class [org.twitter.messenger.controllertests.MessageControllerTest]
19:14:01.380 [Test worker] DEBUG org.springframework.boot.test.context.SpringBootTestContextBootstrapper - @TestExecutionListeners is not present for class [org.twitter.messenger.controllertests.MessageControllerTest]: using defaults.
19:14:01.382 [Test worker] INFO org.springframework.boot.test.context.SpringBootTestContextBootstrapper - Loaded default TestExecutionListener class names from location [META-INF/spring.factories]: [org.springframework.boot.test.autoconfigure.restdocs.RestDocsTestExecutionListener, org.springframework.boot.test.autoconfigure.web.client.MockRestServiceServerResetTestExecutionListener, org.springframework.boot.test.autoconfigure.web.servlet.MockMvcPrintOnlyOnFailureTestExecutionListener, org.springframework.boot.test.autoconfigure.web.servlet.WebDriverTestExecutionListener, org.springframework.boot.test.mock.mockito.MockitoTestExecutionListener, org.springframework.boot.test.mock.mockito.ResetMocksTestExecutionListener, org.springframework.test.context.web.ServletTestExecutionListener, org.springframework.test.context.support.DirtiesContextBeforeModesTestExecutionListener, org.springframework.test.context.support.DependencyInjectionTestExecutionListener, org.springframework.test.context.support.DirtiesContextTestExecutionListener, org.springframework.test.context.transaction.TransactionalTestExecutionListener, org.springframework.test.context.jdbc.SqlScriptsTestExecutionListener]
19:14:01.384 [Test worker] INFO org.springframework.boot.test.context.SpringBootTestContextBootstrapper - Using TestExecutionListeners: [org.springframework.test.context.web.ServletTestExecutionListener@755e6715, org.springframework.test.context.support.DirtiesContextBeforeModesTestExecutionListener@2b064313, org.springframework.boot.test.autoconfigure.SpringBootDependencyInjectionTestExecutionListener@751fbeb1, org.springframework.test.context.support.DirtiesContextTestExecutionListener@687c9b31, org.springframework.test.context.transaction.TransactionalTestExecutionListener@6e1c3fe4, org.springframework.test.context.jdbc.SqlScriptsTestExecutionListener@771bf7ef, org.springframework.boot.test.autoconfigure.web.servlet.MockMvcPrintOnlyOnFailureTestExecutionListener@7ff9258b, org.springframework.boot.test.autoconfigure.restdocs.RestDocsTestExecutionListener@73d09c56, org.springframework.boot.test.mock.mockito.MockitoTestExecutionListener@7cbc7ed7, org.springframework.boot.test.autoconfigure.web.client.MockRestServiceServerResetTestExecutionListener@54b05a20, org.springframework.boot.test.autoconfigure.web.servlet.WebDriverTestExecutionListener@62d3e840, org.springframework.boot.test.mock.mockito.ResetMocksTestExecutionListener@1596fa60]
19:14:01.384 [Test worker] DEBUG org.springframework.test.annotation.ProfileValueUtils - Retrieved @ProfileValueSourceConfiguration [null] for test class [org.twitter.messenger.controllertests.MessageControllerTest]
19:14:01.384 [Test worker] DEBUG org.springframework.test.annotation.ProfileValueUtils - Retrieved ProfileValueSource type [class org.springframework.test.annotation.SystemProfileValueSource] for class [org.twitter.messenger.controllertests.MessageControllerTest]
19:14:01.384 [Test worker] DEBUG org.springframework.test.annotation.ProfileValueUtils - Retrieved @ProfileValueSourceConfiguration [null] for test class [org.twitter.messenger.controllertests.MessageControllerTest]
19:14:01.384 [Test worker] DEBUG org.springframework.test.annotation.ProfileValueUtils - Retrieved ProfileValueSource type [class org.springframework.test.annotation.SystemProfileValueSource] for class [org.twitter.messenger.controllertests.MessageControllerTest]
19:14:01.385 [Test worker] DEBUG org.springframework.test.context.support.AbstractDirtiesContextTestExecutionListener - Before test class: context [DefaultTestContext@a4374c3 testClass = MessageControllerTest, testInstance = [null], testMethod = [null], testException = [null], mergedContextConfiguration = [WebMergedContextConfiguration@5c745ef1 testClass = MessageControllerTest, locations = '{}', classes = '{class org.twitter.messenger.ChallengeApplication, class org.twitter.messenger.ChallengeApplication}', contextInitializerClasses = '[]', activeProfiles = '{}', propertySourceLocations = '{}', propertySourceProperties = '{org.springframework.boot.test.context.SpringBootTestContextBootstrapper=true}', contextCustomizers = set[org.springframework.boot.test.autoconfigure.properties.PropertyMappingContextCustomizer@0, org.springframework.boot.test.autoconfigure.web.servlet.WebDriverContextCustomizerFactory$Customizer@166a060a, org.springframework.boot.test.context.SpringBootTestContextCustomizer@e1840f9, org.springframework.boot.test.context.filter.ExcludeFilterContextCustomizer@4a9b4dac, org.springframework.boot.test.mock.mockito.MockitoContextCustomizer@49e51cee, org.springframework.test.context.web.socket.MockServerContainerContextCustomizer@76cb6e64], resourceBasePath = 'src/main/webapp', contextLoader = 'org.springframework.boot.test.context.SpringBootContextLoader', parent = [null]]], class annotated with @DirtiesContext [false] with mode [null].
19:14:01.385 [Test worker] DEBUG org.springframework.test.annotation.ProfileValueUtils - Retrieved @ProfileValueSourceConfiguration [null] for test class [org.twitter.messenger.controllertests.MessageControllerTest]
19:14:01.385 [Test worker] DEBUG org.springframework.test.annotation.ProfileValueUtils - Retrieved ProfileValueSource type [class org.springframework.test.annotation.SystemProfileValueSource] for class [org.twitter.messenger.controllertests.MessageControllerTest]
19:14:01.398 [Test worker] DEBUG org.springframework.core.env.StandardEnvironment - Adding [systemProperties] PropertySource with lowest search precedence
19:14:01.398 [Test worker] DEBUG org.springframework.core.env.StandardEnvironment - Adding [systemEnvironment] PropertySource with lowest search precedence
19:14:01.398 [Test worker] DEBUG org.springframework.core.env.StandardEnvironment - Initialized StandardEnvironment with PropertySources [systemProperties,systemEnvironment]
19:14:01.399 [Test worker] DEBUG org.springframework.test.context.support.TestPropertySourceUtils - Adding inlined properties to environment: {spring.jmx.enabled=false, org.springframework.boot.test.context.SpringBootTestContextBootstrapper=true, server.port=-1}
19:14:01.399 [Test worker] DEBUG org.springframework.core.env.StandardEnvironment - Adding [Inlined Test Properties] PropertySource with highest search precedence

  .   ____          _            __ _ _
 /\\ / ___'_ __ _ _(_)_ __  __ _ \ \ \ \
( ( )\___ | '_ | '_| | '_ \/ _` | \ \ \ \
 \\/  ___)| |_)| | | | | || (_| |  ) ) ) )
  '  |____| .__|_| |_|_| |_\__, | / / / /
 =========|_|==============|___/=/_/_/_/
 :: Spring Boot ::        (v1.4.4.RELEASE)

"2017-07-27 19:14:01 - Starting MessageControllerTest on vinay-HP-Spectre-x360-Convertible with PID 19464 (started by vinay in /home/vinay/Downloads/challenge)
""2017-07-27 19:14:01 - No active profile set, falling back to default profiles: default
""2017-07-27 19:14:01 - Refreshing org.springframework.web.context.support.GenericWebApplicationContext@1d0483a2: startup date [Thu Jul 27 19:14:01 EDT 2017]; root of context hierarchy
""2017-07-27 19:14:02 - Bean 'org.springframework.transaction.annotation.ProxyTransactionManagementConfiguration' of type [class org.springframework.transaction.annotation.ProxyTransactionManagementConfiguration$$EnhancerBySpringCGLIB$$c2e8d64e] is not eligible for getting processed by all BeanPostProcessors (for example: not eligible for auto-proxying)
""2017-07-27 19:14:02 - Executing SQL script from class path resource [schema.sql]
""2017-07-27 19:14:02 - Executed SQL script from class path resource [schema.sql] in 4 ms.
""2017-07-27 19:14:02 - Executing SQL script from class path resource [data.sql]
""2017-07-27 19:14:02 - Executed SQL script from class path resource [data.sql] in 11 ms.
""2017-07-27 19:14:02 - 

Using default security password: 130592eb-02a3-4134-b74d-5f9b49fb0c7c

""2017-07-27 19:14:02 - Mapped "{[/people/{myId}/messages],methods=[POST]}" onto public org.springframework.http.ResponseEntity<java.lang.Void> org.twitter.messenger.controller.MessageController.postMessage(org.twitter.messenger.model.Message,java.lang.String)
""2017-07-27 19:14:02 - Mapped "{[/people/{myId}/messages],methods=[GET]}" onto public org.springframework.http.ResponseEntity<java.util.List<org.twitter.messenger.modelwrapper.MessageWrapper>> org.twitter.messenger.controller.MessageController.getMessages(java.lang.String,java.lang.String)
""2017-07-27 19:14:02 - Mapped "{[/people],methods=[GET]}" onto public org.springframework.http.ResponseEntity<java.util.List<org.twitter.messenger.model.Person>> org.twitter.messenger.controller.PersonController.getPeople()
""2017-07-27 19:14:02 - Mapped "{[/people/{personId}],methods=[GET]}" onto public org.springframework.http.ResponseEntity<org.twitter.messenger.model.Person> org.twitter.messenger.controller.PersonController.getPerson(java.lang.String)
""2017-07-27 19:14:02 - Mapped "{[/people/{myId}/followers/{personId}],methods=[DELETE]}" onto public org.springframework.http.ResponseEntity<java.lang.Void> org.twitter.messenger.controller.SocialController.unFollow(java.lang.String,java.lang.String)
""2017-07-27 19:14:02 - Mapped "{[/people/{myId}/followers],methods=[GET]}" onto public org.springframework.http.ResponseEntity<java.util.List<org.twitter.messenger.modelwrapper.PersonWrapper>> org.twitter.messenger.controller.SocialController.getFollowers(java.lang.String)
""2017-07-27 19:14:02 - Mapped "{[/people/{myId}/following],methods=[GET]}" onto public org.springframework.http.ResponseEntity<java.util.List<org.twitter.messenger.model.Person>> org.twitter.messenger.controller.SocialController.getFollowings(java.lang.String)
""2017-07-27 19:14:02 - Mapped "{[/people/{myId}/followers/{followPersonId}],methods=[POST]}" onto public org.springframework.http.ResponseEntity<java.lang.Void> org.twitter.messenger.controller.SocialController.addFollower(java.lang.String,java.lang.String)
""2017-07-27 19:14:02 - Mapped "{[/error],produces=[text/html]}" onto public org.springframework.web.servlet.ModelAndView org.springframework.boot.autoconfigure.web.BasicErrorController.errorHtml(javax.servlet.http.HttpServletRequest,javax.servlet.http.HttpServletResponse)
""2017-07-27 19:14:02 - Mapped "{[/error]}" onto public org.springframework.http.ResponseEntity<java.util.Map<java.lang.String, java.lang.Object>> org.springframework.boot.autoconfigure.web.BasicErrorController.error(javax.servlet.http.HttpServletRequest)
""2017-07-27 19:14:02 - Creating filter chain: org.springframework.security.web.util.matcher.AnyRequestMatcher@1, [org.springframework.security.web.context.request.async.WebAsyncManagerIntegrationFilter@7564697f, org.springframework.security.web.context.SecurityContextPersistenceFilter@6c294c9, org.springframework.security.web.header.HeaderWriterFilter@3b4a306e, org.springframework.web.filter.CorsFilter@5f5d4d4e, org.springframework.security.web.authentication.logout.LogoutFilter@633c0e25, org.springframework.security.web.authentication.www.BasicAuthenticationFilter@84c5ac7, org.springframework.security.web.savedrequest.RequestCacheAwareFilter@9b075f8, org.springframework.security.web.servletapi.SecurityContextHolderAwareRequestFilter@6393fde0, org.springframework.security.web.authentication.AnonymousAuthenticationFilter@1de47e21, org.springframework.security.web.session.SessionManagementFilter@63ec7877, org.springframework.security.web.access.ExceptionTranslationFilter@7ede3475, org.springframework.security.web.access.intercept.FilterSecurityInterceptor@76816454]
""2017-07-27 19:14:02 - Creating filter chain: Ant [pattern='/h2-console/**'], [org.springframework.security.web.context.request.async.WebAsyncManagerIntegrationFilter@303e212e, org.springframework.security.web.context.SecurityContextPersistenceFilter@3987c81e, org.springframework.security.web.header.HeaderWriterFilter@37f70dc5, org.springframework.security.web.authentication.logout.LogoutFilter@19f5d6bc, org.springframework.security.web.authentication.www.BasicAuthenticationFilter@1eb52aa4, org.springframework.security.web.savedrequest.RequestCacheAwareFilter@7db4993c, org.springframework.security.web.servletapi.SecurityContextHolderAwareRequestFilter@72a22a6a, org.springframework.security.web.authentication.AnonymousAuthenticationFilter@5dbd9c3, org.springframework.security.web.session.SessionManagementFilter@3e4abedc, org.springframework.security.web.access.ExceptionTranslationFilter@11baa9a3, org.springframework.security.web.access.intercept.FilterSecurityInterceptor@4ecf89b9]
""2017-07-27 19:14:02 - Looking for @ControllerAdvice: org.springframework.web.context.support.GenericWebApplicationContext@1d0483a2: startup date [Thu Jul 27 19:14:01 EDT 2017]; root of context hierarchy
""2017-07-27 19:14:03 - Detected @ExceptionHandler methods in exceptionController
""2017-07-27 19:14:03 - Started MessageControllerTest in 2.405 seconds (JVM running for 9.8)
""2017-07-27 19:14:03 - Initializing Spring FrameworkServlet ''
""2017-07-27 19:14:03 - FrameworkServlet '': initialization started
""2017-07-27 19:14:03 - FrameworkServlet '': initialization completed in 13 ms
"Serach Term 
"2017-07-27 19:14:03 - getting all messages for the person with id 1
"]]></system-out>
  <system-err><![CDATA[]]></system-err>
</testsuite>
