<?xml version="1.0" encoding="UTF-8"?>
<testsuite name="org.twitter.messenger.daotests.SocialDaoTests" tests="5" skipped="0" failures="0" errors="0" timestamp="2017-07-28T01:10:10" hostname="vinay-HP-Spectre-x360-Convertible" time="0.104">
  <properties/>
  <testcase name="follow" classname="org.twitter.messenger.daotests.SocialDaoTests" time="0.079"/>
  <testcase name="unfollow" classname="org.twitter.messenger.daotests.SocialDaoTests" time="0.007"/>
  <testcase name="testContext" classname="org.twitter.messenger.daotests.SocialDaoTests" time="0.004"/>
  <testcase name="getFollowers" classname="org.twitter.messenger.daotests.SocialDaoTests" time="0.005"/>
  <testcase name="getFollowings" classname="org.twitter.messenger.daotests.SocialDaoTests" time="0.004"/>
  <system-out><![CDATA[21:10:06.107 [Test worker] DEBUG org.springframework.test.context.junit4.SpringJUnit4ClassRunner - SpringJUnit4ClassRunner constructor called with [class org.twitter.messenger.daotests.SocialDaoTests]
21:10:06.111 [Test worker] DEBUG org.springframework.test.context.BootstrapUtils - Instantiating CacheAwareContextLoaderDelegate from class [org.springframework.test.context.cache.DefaultCacheAwareContextLoaderDelegate]
21:10:06.118 [Test worker] DEBUG org.springframework.test.context.BootstrapUtils - Instantiating BootstrapContext using constructor [public org.springframework.test.context.support.DefaultBootstrapContext(java.lang.Class,org.springframework.test.context.CacheAwareContextLoaderDelegate)]
21:10:06.132 [Test worker] DEBUG org.springframework.test.context.BootstrapUtils - Instantiating TestContextBootstrapper for test class [org.twitter.messenger.daotests.SocialDaoTests] from class [org.springframework.boot.test.context.SpringBootTestContextBootstrapper]
21:10:06.143 [Test worker] INFO org.springframework.boot.test.context.SpringBootTestContextBootstrapper - Neither @ContextConfiguration nor @ContextHierarchy found for test class [org.twitter.messenger.daotests.SocialDaoTests], using SpringBootContextLoader
21:10:06.147 [Test worker] DEBUG org.springframework.test.context.support.AbstractContextLoader - Did not detect default resource location for test class [org.twitter.messenger.daotests.SocialDaoTests]: class path resource [org/twitter/messenger/daotests/SocialDaoTests-context.xml] does not exist
21:10:06.147 [Test worker] DEBUG org.springframework.test.context.support.AbstractContextLoader - Did not detect default resource location for test class [org.twitter.messenger.daotests.SocialDaoTests]: class path resource [org/twitter/messenger/daotests/SocialDaoTestsContext.groovy] does not exist
21:10:06.147 [Test worker] INFO org.springframework.test.context.support.AbstractContextLoader - Could not detect default resource locations for test class [org.twitter.messenger.daotests.SocialDaoTests]: no resource found for suffixes {-context.xml, Context.groovy}.
21:10:06.178 [Test worker] DEBUG org.springframework.test.context.support.ActiveProfilesUtils - Could not find an 'annotation declaring class' for annotation type [org.springframework.test.context.ActiveProfiles] and class [org.twitter.messenger.daotests.SocialDaoTests]
21:10:06.203 [Test worker] DEBUG org.springframework.boot.test.context.SpringBootTestContextBootstrapper - @TestExecutionListeners is not present for class [org.twitter.messenger.daotests.SocialDaoTests]: using defaults.
21:10:06.208 [Test worker] INFO org.springframework.boot.test.context.SpringBootTestContextBootstrapper - Loaded default TestExecutionListener class names from location [META-INF/spring.factories]: [org.springframework.boot.test.autoconfigure.restdocs.RestDocsTestExecutionListener, org.springframework.boot.test.autoconfigure.web.client.MockRestServiceServerResetTestExecutionListener, org.springframework.boot.test.autoconfigure.web.servlet.MockMvcPrintOnlyOnFailureTestExecutionListener, org.springframework.boot.test.autoconfigure.web.servlet.WebDriverTestExecutionListener, org.springframework.boot.test.mock.mockito.MockitoTestExecutionListener, org.springframework.boot.test.mock.mockito.ResetMocksTestExecutionListener, org.springframework.test.context.web.ServletTestExecutionListener, org.springframework.test.context.support.DirtiesContextBeforeModesTestExecutionListener, org.springframework.test.context.support.DependencyInjectionTestExecutionListener, org.springframework.test.context.support.DirtiesContextTestExecutionListener, org.springframework.test.context.transaction.TransactionalTestExecutionListener, org.springframework.test.context.jdbc.SqlScriptsTestExecutionListener]
21:10:06.221 [Test worker] INFO org.springframework.boot.test.context.SpringBootTestContextBootstrapper - Using TestExecutionListeners: [org.springframework.test.context.web.ServletTestExecutionListener@1a7bd312, org.springframework.test.context.support.DirtiesContextBeforeModesTestExecutionListener@5c58f370, org.springframework.boot.test.autoconfigure.SpringBootDependencyInjectionTestExecutionListener@7490f0af, org.springframework.test.context.support.DirtiesContextTestExecutionListener@3f2a1c9f, org.springframework.test.context.transaction.TransactionalTestExecutionListener@7b0dbb2b, org.springframework.test.context.jdbc.SqlScriptsTestExecutionListener@60551449, org.springframework.boot.test.mock.mockito.ResetMocksTestExecutionListener@13338564, org.springframework.boot.test.autoconfigure.web.servlet.MockMvcPrintOnlyOnFailureTestExecutionListener@7c92ad79, org.springframework.boot.test.mock.mockito.MockitoTestExecutionListener@6ad09523, org.springframework.boot.test.autoconfigure.web.client.MockRestServiceServerResetTestExecutionListener@22ef236c, org.springframework.boot.test.autoconfigure.web.servlet.WebDriverTestExecutionListener@2d789af0, org.springframework.boot.test.autoconfigure.restdocs.RestDocsTestExecutionListener@44681343]
21:10:06.224 [Test worker] DEBUG org.springframework.test.annotation.ProfileValueUtils - Retrieved @ProfileValueSourceConfiguration [null] for test class [org.twitter.messenger.daotests.SocialDaoTests]
21:10:06.224 [Test worker] DEBUG org.springframework.test.annotation.ProfileValueUtils - Retrieved ProfileValueSource type [class org.springframework.test.annotation.SystemProfileValueSource] for class [org.twitter.messenger.daotests.SocialDaoTests]
21:10:06.225 [Test worker] DEBUG org.springframework.test.annotation.ProfileValueUtils - Retrieved @ProfileValueSourceConfiguration [null] for test class [org.twitter.messenger.daotests.SocialDaoTests]
21:10:06.225 [Test worker] DEBUG org.springframework.test.annotation.ProfileValueUtils - Retrieved ProfileValueSource type [class org.springframework.test.annotation.SystemProfileValueSource] for class [org.twitter.messenger.daotests.SocialDaoTests]
21:10:06.228 [Test worker] DEBUG org.springframework.test.context.support.AbstractDirtiesContextTestExecutionListener - Before test class: context [DefaultTestContext@4bdae88f testClass = SocialDaoTests, testInstance = [null], testMethod = [null], testException = [null], mergedContextConfiguration = [WebMergedContextConfiguration@1df52b76 testClass = SocialDaoTests, locations = '{}', classes = '{class org.twitter.messenger.ChallengeApplication, class org.twitter.messenger.ChallengeApplication}', contextInitializerClasses = '[]', activeProfiles = '{}', propertySourceLocations = '{}', propertySourceProperties = '{org.springframework.boot.test.context.SpringBootTestContextBootstrapper=true}', contextCustomizers = set[org.springframework.boot.test.autoconfigure.properties.PropertyMappingContextCustomizer@0, org.springframework.boot.test.autoconfigure.web.servlet.WebDriverContextCustomizerFactory$Customizer@c7131a9, org.springframework.boot.test.context.SpringBootTestContextCustomizer@5bbdf3d7, org.springframework.boot.test.context.filter.ExcludeFilterContextCustomizer@3276e87d, org.springframework.boot.test.mock.mockito.MockitoContextCustomizer@0], resourceBasePath = 'src/main/webapp', contextLoader = 'org.springframework.boot.test.context.SpringBootContextLoader', parent = [null]]], class annotated with @DirtiesContext [false] with mode [null].
21:10:06.229 [Test worker] DEBUG org.springframework.test.annotation.ProfileValueUtils - Retrieved @ProfileValueSourceConfiguration [null] for test class [org.twitter.messenger.daotests.SocialDaoTests]
21:10:06.229 [Test worker] DEBUG org.springframework.test.annotation.ProfileValueUtils - Retrieved ProfileValueSource type [class org.springframework.test.annotation.SystemProfileValueSource] for class [org.twitter.messenger.daotests.SocialDaoTests]
21:10:06.279 [Test worker] DEBUG org.springframework.core.env.StandardEnvironment - Adding [systemProperties] PropertySource with lowest search precedence
21:10:06.280 [Test worker] DEBUG org.springframework.core.env.StandardEnvironment - Adding [systemEnvironment] PropertySource with lowest search precedence
21:10:06.280 [Test worker] DEBUG org.springframework.core.env.StandardEnvironment - Initialized StandardEnvironment with PropertySources [systemProperties,systemEnvironment]
21:10:06.282 [Test worker] DEBUG org.springframework.test.context.support.TestPropertySourceUtils - Adding inlined properties to environment: {spring.jmx.enabled=false, org.springframework.boot.test.context.SpringBootTestContextBootstrapper=true, server.port=-1}
21:10:06.282 [Test worker] DEBUG org.springframework.core.env.StandardEnvironment - Adding [Inlined Test Properties] PropertySource with highest search precedence

  .   ____          _            __ _ _
 /\\ / ___'_ __ _ _(_)_ __  __ _ \ \ \ \
( ( )\___ | '_ | '_| | '_ \/ _` | \ \ \ \
 \\/  ___)| |_)| | | | | || (_| |  ) ) ) )
  '  |____| .__|_| |_|_| |_\__, | / / / /
 =========|_|==============|___/=/_/_/_/
 :: Spring Boot ::        (v1.4.4.RELEASE)

"2017-07-27 21:10:06 - Starting SocialDaoTests on vinay-HP-Spectre-x360-Convertible with PID 8771 (started by vinay in /home/vinay/Downloads/challenge)
""2017-07-27 21:10:06 - No active profile set, falling back to default profiles: default
""2017-07-27 21:10:06 - Refreshing org.springframework.web.context.support.GenericWebApplicationContext@4759f6ba: startup date [Thu Jul 27 21:10:06 EDT 2017]; root of context hierarchy
""2017-07-27 21:10:08 - Bean 'org.springframework.transaction.annotation.ProxyTransactionManagementConfiguration' of type [class org.springframework.transaction.annotation.ProxyTransactionManagementConfiguration$$EnhancerBySpringCGLIB$$2439557e] is not eligible for getting processed by all BeanPostProcessors (for example: not eligible for auto-proxying)
""2017-07-27 21:10:08 - Executing SQL script from class path resource [schema.sql]
""2017-07-27 21:10:08 - Executed SQL script from class path resource [schema.sql] in 24 ms.
""2017-07-27 21:10:08 - Executing SQL script from class path resource [data.sql]
""2017-07-27 21:10:08 - Executed SQL script from class path resource [data.sql] in 33 ms.
""2017-07-27 21:10:08 - 

Using default security password: de262169-afc1-4203-9106-f60ffbb35c87

""2017-07-27 21:10:09 - Mapped "{[/people/{myId}/messages],methods=[POST]}" onto public org.springframework.http.ResponseEntity<java.lang.Void> org.twitter.messenger.controller.MessageController.postMessage(org.twitter.messenger.model.Message,java.lang.String)
""2017-07-27 21:10:09 - Mapped "{[/people/{myId}/messages],methods=[GET]}" onto public org.springframework.http.ResponseEntity<java.util.List<org.twitter.messenger.modelwrapper.MessageWrapper>> org.twitter.messenger.controller.MessageController.getMessages(java.lang.String,java.lang.String)
""2017-07-27 21:10:09 - Mapped "{[/people],methods=[GET]}" onto public org.springframework.http.ResponseEntity<java.util.List<org.twitter.messenger.model.Person>> org.twitter.messenger.controller.PersonController.getPeople()
""2017-07-27 21:10:09 - Mapped "{[/people/{personId}],methods=[GET]}" onto public org.springframework.http.ResponseEntity<org.twitter.messenger.model.Person> org.twitter.messenger.controller.PersonController.getPerson(java.lang.String)
""2017-07-27 21:10:09 - Mapped "{[/people/{myId}/followers],methods=[GET]}" onto public org.springframework.http.ResponseEntity<java.util.List<org.twitter.messenger.modelwrapper.PersonWrapper>> org.twitter.messenger.controller.SocialController.getFollowers(java.lang.String)
""2017-07-27 21:10:09 - Mapped "{[/people/{myId}/following],methods=[GET]}" onto public org.springframework.http.ResponseEntity<java.util.List<org.twitter.messenger.model.Person>> org.twitter.messenger.controller.SocialController.getFollowings(java.lang.String)
""2017-07-27 21:10:09 - Mapped "{[/people/{myId}/followers/{personId}],methods=[DELETE]}" onto public org.springframework.http.ResponseEntity<java.lang.Void> org.twitter.messenger.controller.SocialController.unFollow(java.lang.String,java.lang.String)
""2017-07-27 21:10:09 - Mapped "{[/people/{myId}/followers/{followPersonId}],methods=[POST]}" onto public org.springframework.http.ResponseEntity<java.lang.Void> org.twitter.messenger.controller.SocialController.addFollower(java.lang.String,java.lang.String)
""2017-07-27 21:10:09 - Mapped "{[/error],produces=[text/html]}" onto public org.springframework.web.servlet.ModelAndView org.springframework.boot.autoconfigure.web.BasicErrorController.errorHtml(javax.servlet.http.HttpServletRequest,javax.servlet.http.HttpServletResponse)
""2017-07-27 21:10:09 - Mapped "{[/error]}" onto public org.springframework.http.ResponseEntity<java.util.Map<java.lang.String, java.lang.Object>> org.springframework.boot.autoconfigure.web.BasicErrorController.error(javax.servlet.http.HttpServletRequest)
""2017-07-27 21:10:09 - Creating filter chain: org.springframework.security.web.util.matcher.AnyRequestMatcher@1, [org.springframework.security.web.context.request.async.WebAsyncManagerIntegrationFilter@18c89366, org.springframework.security.web.context.SecurityContextPersistenceFilter@65ff52ea, org.springframework.security.web.header.HeaderWriterFilter@416c7373, org.springframework.web.filter.CorsFilter@f3d75e9, org.springframework.security.web.authentication.logout.LogoutFilter@5904f497, org.springframework.security.web.authentication.www.BasicAuthenticationFilter@13f163d2, org.springframework.security.web.savedrequest.RequestCacheAwareFilter@40906c73, org.springframework.security.web.servletapi.SecurityContextHolderAwareRequestFilter@602b9312, org.springframework.security.web.authentication.AnonymousAuthenticationFilter@7c3f91c1, org.springframework.security.web.session.SessionManagementFilter@7eb1cca6, org.springframework.security.web.access.ExceptionTranslationFilter@4348905a, org.springframework.security.web.access.intercept.FilterSecurityInterceptor@1dc97081]
""2017-07-27 21:10:09 - Creating filter chain: Ant [pattern='/h2-console/**'], [org.springframework.security.web.context.request.async.WebAsyncManagerIntegrationFilter@4495a17f, org.springframework.security.web.context.SecurityContextPersistenceFilter@737d01e9, org.springframework.security.web.header.HeaderWriterFilter@4ef80ce1, org.springframework.security.web.authentication.logout.LogoutFilter@618fa909, org.springframework.security.web.authentication.www.BasicAuthenticationFilter@7a668e98, org.springframework.security.web.savedrequest.RequestCacheAwareFilter@5d102cc6, org.springframework.security.web.servletapi.SecurityContextHolderAwareRequestFilter@5381bc81, org.springframework.security.web.authentication.AnonymousAuthenticationFilter@3c9526dd, org.springframework.security.web.session.SessionManagementFilter@1667b5b, org.springframework.security.web.access.ExceptionTranslationFilter@3d426020, org.springframework.security.web.access.intercept.FilterSecurityInterceptor@735e2f36]
""2017-07-27 21:10:09 - Looking for @ControllerAdvice: org.springframework.web.context.support.GenericWebApplicationContext@4759f6ba: startup date [Thu Jul 27 21:10:06 EDT 2017]; root of context hierarchy
""2017-07-27 21:10:09 - Detected @ExceptionHandler methods in exceptionController
""2017-07-27 21:10:10 - Started SocialDaoTests in 3.887 seconds (JVM running for 4.532)
""2017-07-27 21:10:10 - Began transaction (1) for test context [DefaultTestContext@4bdae88f testClass = SocialDaoTests, testInstance = org.twitter.messenger.daotests.SocialDaoTests@ca03c14, testMethod = follow@SocialDaoTests, testException = [null], mergedContextConfiguration = [WebMergedContextConfiguration@1df52b76 testClass = SocialDaoTests, locations = '{}', classes = '{class org.twitter.messenger.ChallengeApplication, class org.twitter.messenger.ChallengeApplication}', contextInitializerClasses = '[]', activeProfiles = '{}', propertySourceLocations = '{}', propertySourceProperties = '{org.springframework.boot.test.context.SpringBootTestContextBootstrapper=true}', contextCustomizers = set[org.springframework.boot.test.autoconfigure.properties.PropertyMappingContextCustomizer@0, org.springframework.boot.test.autoconfigure.web.servlet.WebDriverContextCustomizerFactory$Customizer@c7131a9, org.springframework.boot.test.context.SpringBootTestContextCustomizer@5bbdf3d7, org.springframework.boot.test.context.filter.ExcludeFilterContextCustomizer@3276e87d, org.springframework.boot.test.mock.mockito.MockitoContextCustomizer@0], resourceBasePath = 'src/main/webapp', contextLoader = 'org.springframework.boot.test.context.SpringBootContextLoader', parent = [null]]]; transaction manager [org.springframework.jdbc.datasource.DataSourceTransactionManager@63aa9335]; rollback [true]
""2017-07-27 21:10:10 - Rolled back transaction for test context [DefaultTestContext@4bdae88f testClass = SocialDaoTests, testInstance = org.twitter.messenger.daotests.SocialDaoTests@ca03c14, testMethod = follow@SocialDaoTests, testException = [null], mergedContextConfiguration = [WebMergedContextConfiguration@1df52b76 testClass = SocialDaoTests, locations = '{}', classes = '{class org.twitter.messenger.ChallengeApplication, class org.twitter.messenger.ChallengeApplication}', contextInitializerClasses = '[]', activeProfiles = '{}', propertySourceLocations = '{}', propertySourceProperties = '{org.springframework.boot.test.context.SpringBootTestContextBootstrapper=true}', contextCustomizers = set[org.springframework.boot.test.autoconfigure.properties.PropertyMappingContextCustomizer@0, org.springframework.boot.test.autoconfigure.web.servlet.WebDriverContextCustomizerFactory$Customizer@c7131a9, org.springframework.boot.test.context.SpringBootTestContextCustomizer@5bbdf3d7, org.springframework.boot.test.context.filter.ExcludeFilterContextCustomizer@3276e87d, org.springframework.boot.test.mock.mockito.MockitoContextCustomizer@0], resourceBasePath = 'src/main/webapp', contextLoader = 'org.springframework.boot.test.context.SpringBootContextLoader', parent = [null]]].
""2017-07-27 21:10:10 - Began transaction (1) for test context [DefaultTestContext@4bdae88f testClass = SocialDaoTests, testInstance = org.twitter.messenger.daotests.SocialDaoTests@95122b7, testMethod = unfollow@SocialDaoTests, testException = [null], mergedContextConfiguration = [WebMergedContextConfiguration@1df52b76 testClass = SocialDaoTests, locations = '{}', classes = '{class org.twitter.messenger.ChallengeApplication, class org.twitter.messenger.ChallengeApplication}', contextInitializerClasses = '[]', activeProfiles = '{}', propertySourceLocations = '{}', propertySourceProperties = '{org.springframework.boot.test.context.SpringBootTestContextBootstrapper=true}', contextCustomizers = set[org.springframework.boot.test.autoconfigure.properties.PropertyMappingContextCustomizer@0, org.springframework.boot.test.autoconfigure.web.servlet.WebDriverContextCustomizerFactory$Customizer@c7131a9, org.springframework.boot.test.context.SpringBootTestContextCustomizer@5bbdf3d7, org.springframework.boot.test.context.filter.ExcludeFilterContextCustomizer@3276e87d, org.springframework.boot.test.mock.mockito.MockitoContextCustomizer@0], resourceBasePath = 'src/main/webapp', contextLoader = 'org.springframework.boot.test.context.SpringBootContextLoader', parent = [null]]]; transaction manager [org.springframework.jdbc.datasource.DataSourceTransactionManager@63aa9335]; rollback [true]
""2017-07-27 21:10:10 - Rolled back transaction for test context [DefaultTestContext@4bdae88f testClass = SocialDaoTests, testInstance = org.twitter.messenger.daotests.SocialDaoTests@95122b7, testMethod = unfollow@SocialDaoTests, testException = [null], mergedContextConfiguration = [WebMergedContextConfiguration@1df52b76 testClass = SocialDaoTests, locations = '{}', classes = '{class org.twitter.messenger.ChallengeApplication, class org.twitter.messenger.ChallengeApplication}', contextInitializerClasses = '[]', activeProfiles = '{}', propertySourceLocations = '{}', propertySourceProperties = '{org.springframework.boot.test.context.SpringBootTestContextBootstrapper=true}', contextCustomizers = set[org.springframework.boot.test.autoconfigure.properties.PropertyMappingContextCustomizer@0, org.springframework.boot.test.autoconfigure.web.servlet.WebDriverContextCustomizerFactory$Customizer@c7131a9, org.springframework.boot.test.context.SpringBootTestContextCustomizer@5bbdf3d7, org.springframework.boot.test.context.filter.ExcludeFilterContextCustomizer@3276e87d, org.springframework.boot.test.mock.mockito.MockitoContextCustomizer@0], resourceBasePath = 'src/main/webapp', contextLoader = 'org.springframework.boot.test.context.SpringBootContextLoader', parent = [null]]].
""2017-07-27 21:10:10 - Began transaction (1) for test context [DefaultTestContext@4bdae88f testClass = SocialDaoTests, testInstance = org.twitter.messenger.daotests.SocialDaoTests@3d2f2928, testMethod = testContext@SocialDaoTests, testException = [null], mergedContextConfiguration = [WebMergedContextConfiguration@1df52b76 testClass = SocialDaoTests, locations = '{}', classes = '{class org.twitter.messenger.ChallengeApplication, class org.twitter.messenger.ChallengeApplication}', contextInitializerClasses = '[]', activeProfiles = '{}', propertySourceLocations = '{}', propertySourceProperties = '{org.springframework.boot.test.context.SpringBootTestContextBootstrapper=true}', contextCustomizers = set[org.springframework.boot.test.autoconfigure.properties.PropertyMappingContextCustomizer@0, org.springframework.boot.test.autoconfigure.web.servlet.WebDriverContextCustomizerFactory$Customizer@c7131a9, org.springframework.boot.test.context.SpringBootTestContextCustomizer@5bbdf3d7, org.springframework.boot.test.context.filter.ExcludeFilterContextCustomizer@3276e87d, org.springframework.boot.test.mock.mockito.MockitoContextCustomizer@0], resourceBasePath = 'src/main/webapp', contextLoader = 'org.springframework.boot.test.context.SpringBootContextLoader', parent = [null]]]; transaction manager [org.springframework.jdbc.datasource.DataSourceTransactionManager@63aa9335]; rollback [true]
""2017-07-27 21:10:10 - Rolled back transaction for test context [DefaultTestContext@4bdae88f testClass = SocialDaoTests, testInstance = org.twitter.messenger.daotests.SocialDaoTests@3d2f2928, testMethod = testContext@SocialDaoTests, testException = [null], mergedContextConfiguration = [WebMergedContextConfiguration@1df52b76 testClass = SocialDaoTests, locations = '{}', classes = '{class org.twitter.messenger.ChallengeApplication, class org.twitter.messenger.ChallengeApplication}', contextInitializerClasses = '[]', activeProfiles = '{}', propertySourceLocations = '{}', propertySourceProperties = '{org.springframework.boot.test.context.SpringBootTestContextBootstrapper=true}', contextCustomizers = set[org.springframework.boot.test.autoconfigure.properties.PropertyMappingContextCustomizer@0, org.springframework.boot.test.autoconfigure.web.servlet.WebDriverContextCustomizerFactory$Customizer@c7131a9, org.springframework.boot.test.context.SpringBootTestContextCustomizer@5bbdf3d7, org.springframework.boot.test.context.filter.ExcludeFilterContextCustomizer@3276e87d, org.springframework.boot.test.mock.mockito.MockitoContextCustomizer@0], resourceBasePath = 'src/main/webapp', contextLoader = 'org.springframework.boot.test.context.SpringBootContextLoader', parent = [null]]].
""2017-07-27 21:10:10 - Began transaction (1) for test context [DefaultTestContext@4bdae88f testClass = SocialDaoTests, testInstance = org.twitter.messenger.daotests.SocialDaoTests@2d85b29, testMethod = getFollowers@SocialDaoTests, testException = [null], mergedContextConfiguration = [WebMergedContextConfiguration@1df52b76 testClass = SocialDaoTests, locations = '{}', classes = '{class org.twitter.messenger.ChallengeApplication, class org.twitter.messenger.ChallengeApplication}', contextInitializerClasses = '[]', activeProfiles = '{}', propertySourceLocations = '{}', propertySourceProperties = '{org.springframework.boot.test.context.SpringBootTestContextBootstrapper=true}', contextCustomizers = set[org.springframework.boot.test.autoconfigure.properties.PropertyMappingContextCustomizer@0, org.springframework.boot.test.autoconfigure.web.servlet.WebDriverContextCustomizerFactory$Customizer@c7131a9, org.springframework.boot.test.context.SpringBootTestContextCustomizer@5bbdf3d7, org.springframework.boot.test.context.filter.ExcludeFilterContextCustomizer@3276e87d, org.springframework.boot.test.mock.mockito.MockitoContextCustomizer@0], resourceBasePath = 'src/main/webapp', contextLoader = 'org.springframework.boot.test.context.SpringBootContextLoader', parent = [null]]]; transaction manager [org.springframework.jdbc.datasource.DataSourceTransactionManager@63aa9335]; rollback [true]
""2017-07-27 21:10:10 - Rolled back transaction for test context [DefaultTestContext@4bdae88f testClass = SocialDaoTests, testInstance = org.twitter.messenger.daotests.SocialDaoTests@2d85b29, testMethod = getFollowers@SocialDaoTests, testException = [null], mergedContextConfiguration = [WebMergedContextConfiguration@1df52b76 testClass = SocialDaoTests, locations = '{}', classes = '{class org.twitter.messenger.ChallengeApplication, class org.twitter.messenger.ChallengeApplication}', contextInitializerClasses = '[]', activeProfiles = '{}', propertySourceLocations = '{}', propertySourceProperties = '{org.springframework.boot.test.context.SpringBootTestContextBootstrapper=true}', contextCustomizers = set[org.springframework.boot.test.autoconfigure.properties.PropertyMappingContextCustomizer@0, org.springframework.boot.test.autoconfigure.web.servlet.WebDriverContextCustomizerFactory$Customizer@c7131a9, org.springframework.boot.test.context.SpringBootTestContextCustomizer@5bbdf3d7, org.springframework.boot.test.context.filter.ExcludeFilterContextCustomizer@3276e87d, org.springframework.boot.test.mock.mockito.MockitoContextCustomizer@0], resourceBasePath = 'src/main/webapp', contextLoader = 'org.springframework.boot.test.context.SpringBootContextLoader', parent = [null]]].
""2017-07-27 21:10:10 - Began transaction (1) for test context [DefaultTestContext@4bdae88f testClass = SocialDaoTests, testInstance = org.twitter.messenger.daotests.SocialDaoTests@579d0a3b, testMethod = getFollowings@SocialDaoTests, testException = [null], mergedContextConfiguration = [WebMergedContextConfiguration@1df52b76 testClass = SocialDaoTests, locations = '{}', classes = '{class org.twitter.messenger.ChallengeApplication, class org.twitter.messenger.ChallengeApplication}', contextInitializerClasses = '[]', activeProfiles = '{}', propertySourceLocations = '{}', propertySourceProperties = '{org.springframework.boot.test.context.SpringBootTestContextBootstrapper=true}', contextCustomizers = set[org.springframework.boot.test.autoconfigure.properties.PropertyMappingContextCustomizer@0, org.springframework.boot.test.autoconfigure.web.servlet.WebDriverContextCustomizerFactory$Customizer@c7131a9, org.springframework.boot.test.context.SpringBootTestContextCustomizer@5bbdf3d7, org.springframework.boot.test.context.filter.ExcludeFilterContextCustomizer@3276e87d, org.springframework.boot.test.mock.mockito.MockitoContextCustomizer@0], resourceBasePath = 'src/main/webapp', contextLoader = 'org.springframework.boot.test.context.SpringBootContextLoader', parent = [null]]]; transaction manager [org.springframework.jdbc.datasource.DataSourceTransactionManager@63aa9335]; rollback [true]
""2017-07-27 21:10:10 - Rolled back transaction for test context [DefaultTestContext@4bdae88f testClass = SocialDaoTests, testInstance = org.twitter.messenger.daotests.SocialDaoTests@579d0a3b, testMethod = getFollowings@SocialDaoTests, testException = [null], mergedContextConfiguration = [WebMergedContextConfiguration@1df52b76 testClass = SocialDaoTests, locations = '{}', classes = '{class org.twitter.messenger.ChallengeApplication, class org.twitter.messenger.ChallengeApplication}', contextInitializerClasses = '[]', activeProfiles = '{}', propertySourceLocations = '{}', propertySourceProperties = '{org.springframework.boot.test.context.SpringBootTestContextBootstrapper=true}', contextCustomizers = set[org.springframework.boot.test.autoconfigure.properties.PropertyMappingContextCustomizer@0, org.springframework.boot.test.autoconfigure.web.servlet.WebDriverContextCustomizerFactory$Customizer@c7131a9, org.springframework.boot.test.context.SpringBootTestContextCustomizer@5bbdf3d7, org.springframework.boot.test.context.filter.ExcludeFilterContextCustomizer@3276e87d, org.springframework.boot.test.mock.mockito.MockitoContextCustomizer@0], resourceBasePath = 'src/main/webapp', contextLoader = 'org.springframework.boot.test.context.SpringBootContextLoader', parent = [null]]].
"]]></system-out>
  <system-err><![CDATA[]]></system-err>
</testsuite>
