<?xml version="1.0" encoding="UTF-8"?>
<testsuite name="org.twitter.messenger.daotests.MessageDaoTests" tests="2" skipped="0" failures="0" errors="0" timestamp="2017-07-28T01:10:10" hostname="vinay-HP-Spectre-x360-Convertible" time="0.022">
  <properties/>
  <testcase name="testContext" classname="org.twitter.messenger.daotests.MessageDaoTests" time="0.002"/>
  <testcase name="getMessages" classname="org.twitter.messenger.daotests.MessageDaoTests" time="0.019"/>
  <system-out><![CDATA["2017-07-27 21:10:10 - Neither @ContextConfiguration nor @ContextHierarchy found for test class [org.twitter.messenger.daotests.MessageDaoTests], using SpringBootContextLoader
""2017-07-27 21:10:10 - Could not detect default resource locations for test class [org.twitter.messenger.daotests.MessageDaoTests]: no resource found for suffixes {-context.xml, Context.groovy}.
""2017-07-27 21:10:10 - Loaded default TestExecutionListener class names from location [META-INF/spring.factories]: [org.springframework.boot.test.autoconfigure.restdocs.RestDocsTestExecutionListener, org.springframework.boot.test.autoconfigure.web.client.MockRestServiceServerResetTestExecutionListener, org.springframework.boot.test.autoconfigure.web.servlet.MockMvcPrintOnlyOnFailureTestExecutionListener, org.springframework.boot.test.autoconfigure.web.servlet.WebDriverTestExecutionListener, org.springframework.boot.test.mock.mockito.MockitoTestExecutionListener, org.springframework.boot.test.mock.mockito.ResetMocksTestExecutionListener, org.springframework.test.context.web.ServletTestExecutionListener, org.springframework.test.context.support.DirtiesContextBeforeModesTestExecutionListener, org.springframework.test.context.support.DependencyInjectionTestExecutionListener, org.springframework.test.context.support.DirtiesContextTestExecutionListener, org.springframework.test.context.transaction.TransactionalTestExecutionListener, org.springframework.test.context.jdbc.SqlScriptsTestExecutionListener]
""2017-07-27 21:10:10 - Using TestExecutionListeners: [org.springframework.test.context.web.ServletTestExecutionListener@6c45d84e, org.springframework.test.context.support.DirtiesContextBeforeModesTestExecutionListener@23992867, org.springframework.boot.test.autoconfigure.SpringBootDependencyInjectionTestExecutionListener@249ee379, org.springframework.test.context.support.DirtiesContextTestExecutionListener@80befaa, org.springframework.test.context.transaction.TransactionalTestExecutionListener@4aced14d, org.springframework.test.context.jdbc.SqlScriptsTestExecutionListener@20fe0263, org.springframework.boot.test.mock.mockito.ResetMocksTestExecutionListener@7328a82e, org.springframework.boot.test.autoconfigure.web.servlet.MockMvcPrintOnlyOnFailureTestExecutionListener@24896f5e, org.springframework.boot.test.mock.mockito.MockitoTestExecutionListener@1871863b, org.springframework.boot.test.autoconfigure.web.client.MockRestServiceServerResetTestExecutionListener@484c724c, org.springframework.boot.test.autoconfigure.web.servlet.WebDriverTestExecutionListener@7e13dab3, org.springframework.boot.test.autoconfigure.restdocs.RestDocsTestExecutionListener@110fa9b0]
"]]></system-out>
  <system-err><![CDATA[]]></system-err>
</testsuite>
