<?xml version="1.0" encoding="UTF-8"?>
<testsuite name="org.twitter.messenger.controllertests.MessageControllerTest" tests="1" skipped="0" failures="0" errors="0" timestamp="2017-07-28T01:10:11" hostname="vinay-HP-Spectre-x360-Convertible" time="0.147">
  <properties/>
  <testcase name="getMessages" classname="org.twitter.messenger.controllertests.MessageControllerTest" time="0.147"/>
  <system-out><![CDATA["2017-07-27 21:10:10 - Neither @ContextConfiguration nor @ContextHierarchy found for test class [org.twitter.messenger.controllertests.MessageControllerTest], using SpringBootContextLoader
""2017-07-27 21:10:10 - Could not detect default resource locations for test class [org.twitter.messenger.controllertests.MessageControllerTest]: no resource found for suffixes {-context.xml, Context.groovy}.
""2017-07-27 21:10:10 - Loaded default TestExecutionListener class names from location [META-INF/spring.factories]: [org.springframework.boot.test.autoconfigure.restdocs.RestDocsTestExecutionListener, org.springframework.boot.test.autoconfigure.web.client.MockRestServiceServerResetTestExecutionListener, org.springframework.boot.test.autoconfigure.web.servlet.MockMvcPrintOnlyOnFailureTestExecutionListener, org.springframework.boot.test.autoconfigure.web.servlet.WebDriverTestExecutionListener, org.springframework.boot.test.mock.mockito.MockitoTestExecutionListener, org.springframework.boot.test.mock.mockito.ResetMocksTestExecutionListener, org.springframework.test.context.web.ServletTestExecutionListener, org.springframework.test.context.support.DirtiesContextBeforeModesTestExecutionListener, org.springframework.test.context.support.DependencyInjectionTestExecutionListener, org.springframework.test.context.support.DirtiesContextTestExecutionListener, org.springframework.test.context.transaction.TransactionalTestExecutionListener, org.springframework.test.context.jdbc.SqlScriptsTestExecutionListener]
""2017-07-27 21:10:10 - Using TestExecutionListeners: [org.springframework.test.context.web.ServletTestExecutionListener@41f3665, org.springframework.test.context.support.DirtiesContextBeforeModesTestExecutionListener@5af6ad65, org.springframework.boot.test.autoconfigure.SpringBootDependencyInjectionTestExecutionListener@2f2bfeca, org.springframework.test.context.support.DirtiesContextTestExecutionListener@53d3e95, org.springframework.test.context.transaction.TransactionalTestExecutionListener@78ec9c49, org.springframework.test.context.jdbc.SqlScriptsTestExecutionListener@171e9bb4, org.springframework.boot.test.mock.mockito.ResetMocksTestExecutionListener@6733fa33, org.springframework.boot.test.autoconfigure.web.servlet.MockMvcPrintOnlyOnFailureTestExecutionListener@b96a9d6, org.springframework.boot.test.mock.mockito.MockitoTestExecutionListener@17047239, org.springframework.boot.test.autoconfigure.web.client.MockRestServiceServerResetTestExecutionListener@74a49856, org.springframework.boot.test.autoconfigure.web.servlet.WebDriverTestExecutionListener@cbe0693, org.springframework.boot.test.autoconfigure.restdocs.RestDocsTestExecutionListener@32d8c6cb]
"
  .   ____          _            __ _ _
 /\\ / ___'_ __ _ _(_)_ __  __ _ \ \ \ \
( ( )\___ | '_ | '_| | '_ \/ _` | \ \ \ \
 \\/  ___)| |_)| | | | | || (_| |  ) ) ) )
  '  |____| .__|_| |_|_| |_\__, | / / / /
 =========|_|==============|___/=/_/_/_/
 :: Spring Boot ::        (v1.4.4.RELEASE)

"2017-07-27 21:10:10 - Starting MessageControllerTest on vinay-HP-Spectre-x360-Convertible with PID 8771 (started by vinay in /home/vinay/Downloads/challenge)
""2017-07-27 21:10:10 - No active profile set, falling back to default profiles: default
""2017-07-27 21:10:10 - Refreshing org.springframework.web.context.support.GenericWebApplicationContext@34535e1: startup date [Thu Jul 27 21:10:10 EDT 2017]; root of context hierarchy
""2017-07-27 21:10:10 - Bean 'org.springframework.transaction.annotation.ProxyTransactionManagementConfiguration' of type [class org.springframework.transaction.annotation.ProxyTransactionManagementConfiguration$$EnhancerBySpringCGLIB$$2439557e] is not eligible for getting processed by all BeanPostProcessors (for example: not eligible for auto-proxying)
""2017-07-27 21:10:11 - Executing SQL script from class path resource [schema.sql]
""2017-07-27 21:10:11 - Executed SQL script from class path resource [schema.sql] in 7 ms.
""2017-07-27 21:10:11 - Executing SQL script from class path resource [data.sql]
""2017-07-27 21:10:11 - Executed SQL script from class path resource [data.sql] in 14 ms.
""2017-07-27 21:10:11 - 

Using default security password: 5eecf13a-dd43-4aef-bf42-dfa868d1b4d8

""2017-07-27 21:10:11 - Mapped "{[/people/{myId}/messages],methods=[POST]}" onto public org.springframework.http.ResponseEntity<java.lang.Void> org.twitter.messenger.controller.MessageController.postMessage(org.twitter.messenger.model.Message,java.lang.String)
""2017-07-27 21:10:11 - Mapped "{[/people/{myId}/messages],methods=[GET]}" onto public org.springframework.http.ResponseEntity<java.util.List<org.twitter.messenger.modelwrapper.MessageWrapper>> org.twitter.messenger.controller.MessageController.getMessages(java.lang.String,java.lang.String)
""2017-07-27 21:10:11 - Mapped "{[/people],methods=[GET]}" onto public org.springframework.http.ResponseEntity<java.util.List<org.twitter.messenger.model.Person>> org.twitter.messenger.controller.PersonController.getPeople()
""2017-07-27 21:10:11 - Mapped "{[/people/{personId}],methods=[GET]}" onto public org.springframework.http.ResponseEntity<org.twitter.messenger.model.Person> org.twitter.messenger.controller.PersonController.getPerson(java.lang.String)
""2017-07-27 21:10:11 - Mapped "{[/people/{myId}/followers],methods=[GET]}" onto public org.springframework.http.ResponseEntity<java.util.List<org.twitter.messenger.modelwrapper.PersonWrapper>> org.twitter.messenger.controller.SocialController.getFollowers(java.lang.String)
""2017-07-27 21:10:11 - Mapped "{[/people/{myId}/following],methods=[GET]}" onto public org.springframework.http.ResponseEntity<java.util.List<org.twitter.messenger.model.Person>> org.twitter.messenger.controller.SocialController.getFollowings(java.lang.String)
""2017-07-27 21:10:11 - Mapped "{[/people/{myId}/followers/{personId}],methods=[DELETE]}" onto public org.springframework.http.ResponseEntity<java.lang.Void> org.twitter.messenger.controller.SocialController.unFollow(java.lang.String,java.lang.String)
""2017-07-27 21:10:11 - Mapped "{[/people/{myId}/followers/{followPersonId}],methods=[POST]}" onto public org.springframework.http.ResponseEntity<java.lang.Void> org.twitter.messenger.controller.SocialController.addFollower(java.lang.String,java.lang.String)
""2017-07-27 21:10:11 - Mapped "{[/error],produces=[text/html]}" onto public org.springframework.web.servlet.ModelAndView org.springframework.boot.autoconfigure.web.BasicErrorController.errorHtml(javax.servlet.http.HttpServletRequest,javax.servlet.http.HttpServletResponse)
""2017-07-27 21:10:11 - Mapped "{[/error]}" onto public org.springframework.http.ResponseEntity<java.util.Map<java.lang.String, java.lang.Object>> org.springframework.boot.autoconfigure.web.BasicErrorController.error(javax.servlet.http.HttpServletRequest)
""2017-07-27 21:10:11 - Creating filter chain: org.springframework.security.web.util.matcher.AnyRequestMatcher@1, [org.springframework.security.web.context.request.async.WebAsyncManagerIntegrationFilter@490dd528, org.springframework.security.web.context.SecurityContextPersistenceFilter@3b02da63, org.springframework.security.web.header.HeaderWriterFilter@e8aac12, org.springframework.web.filter.CorsFilter@2b83d4a9, org.springframework.security.web.authentication.logout.LogoutFilter@6c7e0464, org.springframework.security.web.authentication.www.BasicAuthenticationFilter@23421443, org.springframework.security.web.savedrequest.RequestCacheAwareFilter@71cdbcb3, org.springframework.security.web.servletapi.SecurityContextHolderAwareRequestFilter@2afc74a4, org.springframework.security.web.authentication.AnonymousAuthenticationFilter@54f8943e, org.springframework.security.web.session.SessionManagementFilter@28cdc12e, org.springframework.security.web.access.ExceptionTranslationFilter@5423c4d4, org.springframework.security.web.access.intercept.FilterSecurityInterceptor@100df126]
""2017-07-27 21:10:11 - Creating filter chain: Ant [pattern='/h2-console/**'], [org.springframework.security.web.context.request.async.WebAsyncManagerIntegrationFilter@527c6a02, org.springframework.security.web.context.SecurityContextPersistenceFilter@3d499992, org.springframework.security.web.header.HeaderWriterFilter@22a4537, org.springframework.security.web.authentication.logout.LogoutFilter@29856fbb, org.springframework.security.web.authentication.www.BasicAuthenticationFilter@5871e610, org.springframework.security.web.savedrequest.RequestCacheAwareFilter@ec1f10e, org.springframework.security.web.servletapi.SecurityContextHolderAwareRequestFilter@5e121e1c, org.springframework.security.web.authentication.AnonymousAuthenticationFilter@6c45f50b, org.springframework.security.web.session.SessionManagementFilter@4cf762ff, org.springframework.security.web.access.ExceptionTranslationFilter@71d85c61, org.springframework.security.web.access.intercept.FilterSecurityInterceptor@42f94a61]
""2017-07-27 21:10:11 - Looking for @ControllerAdvice: org.springframework.web.context.support.GenericWebApplicationContext@34535e1: startup date [Thu Jul 27 21:10:10 EDT 2017]; root of context hierarchy
""2017-07-27 21:10:11 - Detected @ExceptionHandler methods in exceptionController
""2017-07-27 21:10:11 - Started MessageControllerTest in 1.216 seconds (JVM running for 5.952)
""2017-07-27 21:10:11 - Initializing Spring FrameworkServlet ''
""2017-07-27 21:10:11 - FrameworkServlet '': initialization started
""2017-07-27 21:10:11 - FrameworkServlet '': initialization completed in 9 ms
""2017-07-27 21:10:11 - getting all messages for the person with id 1
"]]></system-out>
  <system-err><![CDATA[]]></system-err>
</testsuite>
