<?xml version="1.0" encoding="UTF-8"?>
<testsuite name="org.twitter.messenger.controllertests.SocialControllerTest" tests="2" skipped="0" failures="0" errors="0" timestamp="2017-07-27T23:14:04" hostname="vinay-HP-Spectre-x360-Convertible" time="0.024">
  <properties/>
  <testcase name="getFollowers" classname="org.twitter.messenger.controllertests.SocialControllerTest" time="0.015"/>
  <testcase name="getFollowings" classname="org.twitter.messenger.controllertests.SocialControllerTest" time="0.008"/>
  <system-out><![CDATA["2017-07-27 19:14:04 - Neither @ContextConfiguration nor @ContextHierarchy found for test class [org.twitter.messenger.controllertests.SocialControllerTest], using SpringBootContextLoader
""2017-07-27 19:14:04 - Could not detect default resource locations for test class [org.twitter.messenger.controllertests.SocialControllerTest]: no resource found for suffixes {-context.xml, Context.groovy}.
""2017-07-27 19:14:04 - Loaded default TestExecutionListener class names from location [META-INF/spring.factories]: [org.springframework.boot.test.autoconfigure.restdocs.RestDocsTestExecutionListener, org.springframework.boot.test.autoconfigure.web.client.MockRestServiceServerResetTestExecutionListener, org.springframework.boot.test.autoconfigure.web.servlet.MockMvcPrintOnlyOnFailureTestExecutionListener, org.springframework.boot.test.autoconfigure.web.servlet.WebDriverTestExecutionListener, org.springframework.boot.test.mock.mockito.MockitoTestExecutionListener, org.springframework.boot.test.mock.mockito.ResetMocksTestExecutionListener, org.springframework.test.context.web.ServletTestExecutionListener, org.springframework.test.context.support.DirtiesContextBeforeModesTestExecutionListener, org.springframework.test.context.support.DependencyInjectionTestExecutionListener, org.springframework.test.context.support.DirtiesContextTestExecutionListener, org.springframework.test.context.transaction.TransactionalTestExecutionListener, org.springframework.test.context.jdbc.SqlScriptsTestExecutionListener]
""2017-07-27 19:14:04 - Using TestExecutionListeners: [org.springframework.test.context.web.ServletTestExecutionListener@2c66d015, org.springframework.test.context.support.DirtiesContextBeforeModesTestExecutionListener@5e273048, org.springframework.boot.test.autoconfigure.SpringBootDependencyInjectionTestExecutionListener@166f59a1, org.springframework.test.context.support.DirtiesContextTestExecutionListener@78ab0bb8, org.springframework.test.context.transaction.TransactionalTestExecutionListener@62578ac0, org.springframework.test.context.jdbc.SqlScriptsTestExecutionListener@51543b2, org.springframework.boot.test.autoconfigure.web.servlet.MockMvcPrintOnlyOnFailureTestExecutionListener@69dbb0e0, org.springframework.boot.test.autoconfigure.restdocs.RestDocsTestExecutionListener@498d80a8, org.springframework.boot.test.mock.mockito.MockitoTestExecutionListener@17d212d3, org.springframework.boot.test.autoconfigure.web.client.MockRestServiceServerResetTestExecutionListener@3875db48, org.springframework.boot.test.autoconfigure.web.servlet.WebDriverTestExecutionListener@c9d3016, org.springframework.boot.test.mock.mockito.ResetMocksTestExecutionListener@29b069ed]
"
  .   ____          _            __ _ _
 /\\ / ___'_ __ _ _(_)_ __  __ _ \ \ \ \
( ( )\___ | '_ | '_| | '_ \/ _` | \ \ \ \
 \\/  ___)| |_)| | | | | || (_| |  ) ) ) )
  '  |____| .__|_| |_|_| |_\__, | / / / /
 =========|_|==============|___/=/_/_/_/
 :: Spring Boot ::        (v1.4.4.RELEASE)

"2017-07-27 19:14:04 - Starting SocialControllerTest on vinay-HP-Spectre-x360-Convertible with PID 19464 (started by vinay in /home/vinay/Downloads/challenge)
""2017-07-27 19:14:04 - No active profile set, falling back to default profiles: default
""2017-07-27 19:14:04 - Refreshing org.springframework.web.context.support.GenericWebApplicationContext@19be37ba: startup date [Thu Jul 27 19:14:04 EDT 2017]; root of context hierarchy
""2017-07-27 19:14:04 - Bean 'org.springframework.transaction.annotation.ProxyTransactionManagementConfiguration' of type [class org.springframework.transaction.annotation.ProxyTransactionManagementConfiguration$$EnhancerBySpringCGLIB$$c2e8d64e] is not eligible for getting processed by all BeanPostProcessors (for example: not eligible for auto-proxying)
""2017-07-27 19:14:04 - Executing SQL script from class path resource [schema.sql]
""2017-07-27 19:14:04 - Executed SQL script from class path resource [schema.sql] in 5 ms.
""2017-07-27 19:14:04 - Executing SQL script from class path resource [data.sql]
""2017-07-27 19:14:04 - Executed SQL script from class path resource [data.sql] in 6 ms.
""2017-07-27 19:14:04 - 

Using default security password: 39dda414-328b-4cb2-9a81-501ca34c4a1d

""2017-07-27 19:14:04 - Mapped "{[/people/{myId}/messages],methods=[POST]}" onto public org.springframework.http.ResponseEntity<java.lang.Void> org.twitter.messenger.controller.MessageController.postMessage(org.twitter.messenger.model.Message,java.lang.String)
""2017-07-27 19:14:04 - Mapped "{[/people/{myId}/messages],methods=[GET]}" onto public org.springframework.http.ResponseEntity<java.util.List<org.twitter.messenger.modelwrapper.MessageWrapper>> org.twitter.messenger.controller.MessageController.getMessages(java.lang.String,java.lang.String)
""2017-07-27 19:14:04 - Mapped "{[/people],methods=[GET]}" onto public org.springframework.http.ResponseEntity<java.util.List<org.twitter.messenger.model.Person>> org.twitter.messenger.controller.PersonController.getPeople()
""2017-07-27 19:14:04 - Mapped "{[/people/{personId}],methods=[GET]}" onto public org.springframework.http.ResponseEntity<org.twitter.messenger.model.Person> org.twitter.messenger.controller.PersonController.getPerson(java.lang.String)
""2017-07-27 19:14:04 - Mapped "{[/people/{myId}/followers/{personId}],methods=[DELETE]}" onto public org.springframework.http.ResponseEntity<java.lang.Void> org.twitter.messenger.controller.SocialController.unFollow(java.lang.String,java.lang.String)
""2017-07-27 19:14:04 - Mapped "{[/people/{myId}/followers],methods=[GET]}" onto public org.springframework.http.ResponseEntity<java.util.List<org.twitter.messenger.modelwrapper.PersonWrapper>> org.twitter.messenger.controller.SocialController.getFollowers(java.lang.String)
""2017-07-27 19:14:04 - Mapped "{[/people/{myId}/following],methods=[GET]}" onto public org.springframework.http.ResponseEntity<java.util.List<org.twitter.messenger.model.Person>> org.twitter.messenger.controller.SocialController.getFollowings(java.lang.String)
""2017-07-27 19:14:04 - Mapped "{[/people/{myId}/followers/{followPersonId}],methods=[POST]}" onto public org.springframework.http.ResponseEntity<java.lang.Void> org.twitter.messenger.controller.SocialController.addFollower(java.lang.String,java.lang.String)
""2017-07-27 19:14:04 - Mapped "{[/error],produces=[text/html]}" onto public org.springframework.web.servlet.ModelAndView org.springframework.boot.autoconfigure.web.BasicErrorController.errorHtml(javax.servlet.http.HttpServletRequest,javax.servlet.http.HttpServletResponse)
""2017-07-27 19:14:04 - Mapped "{[/error]}" onto public org.springframework.http.ResponseEntity<java.util.Map<java.lang.String, java.lang.Object>> org.springframework.boot.autoconfigure.web.BasicErrorController.error(javax.servlet.http.HttpServletRequest)
""2017-07-27 19:14:04 - Creating filter chain: org.springframework.security.web.util.matcher.AnyRequestMatcher@1, [org.springframework.security.web.context.request.async.WebAsyncManagerIntegrationFilter@6c9acc50, org.springframework.security.web.context.SecurityContextPersistenceFilter@28dc8844, org.springframework.security.web.header.HeaderWriterFilter@1732c9b0, org.springframework.web.filter.CorsFilter@72d97bf2, org.springframework.security.web.authentication.logout.LogoutFilter@653159bc, org.springframework.security.web.authentication.www.BasicAuthenticationFilter@359fc80b, org.springframework.security.web.savedrequest.RequestCacheAwareFilter@6410e54a, org.springframework.security.web.servletapi.SecurityContextHolderAwareRequestFilter@65eedf31, org.springframework.security.web.authentication.AnonymousAuthenticationFilter@fc402, org.springframework.security.web.session.SessionManagementFilter@27b4ed75, org.springframework.security.web.access.ExceptionTranslationFilter@5483106d, org.springframework.security.web.access.intercept.FilterSecurityInterceptor@190d653e]
""2017-07-27 19:14:04 - Creating filter chain: Ant [pattern='/h2-console/**'], [org.springframework.security.web.context.request.async.WebAsyncManagerIntegrationFilter@21022418, org.springframework.security.web.context.SecurityContextPersistenceFilter@677c18ea, org.springframework.security.web.header.HeaderWriterFilter@68872371, org.springframework.security.web.authentication.logout.LogoutFilter@1812bf3a, org.springframework.security.web.authentication.www.BasicAuthenticationFilter@1fae4f9a, org.springframework.security.web.savedrequest.RequestCacheAwareFilter@3b599a33, org.springframework.security.web.servletapi.SecurityContextHolderAwareRequestFilter@6a14ba82, org.springframework.security.web.authentication.AnonymousAuthenticationFilter@73052405, org.springframework.security.web.session.SessionManagementFilter@70104c86, org.springframework.security.web.access.ExceptionTranslationFilter@67076fd1, org.springframework.security.web.access.intercept.FilterSecurityInterceptor@47877980]
""2017-07-27 19:14:04 - Looking for @ControllerAdvice: org.springframework.web.context.support.GenericWebApplicationContext@19be37ba: startup date [Thu Jul 27 19:14:04 EDT 2017]; root of context hierarchy
""2017-07-27 19:14:04 - Detected @ExceptionHandler methods in exceptionController
""2017-07-27 19:14:04 - Started SocialControllerTest in 0.816 seconds (JVM running for 10.829)
""2017-07-27 19:14:04 - Initializing Spring FrameworkServlet ''
""2017-07-27 19:14:04 - FrameworkServlet '': initialization started
""2017-07-27 19:14:04 - FrameworkServlet '': initialization completed in 5 ms
""2017-07-27 19:14:04 - getting followers for person with id 1
""2017-07-27 19:14:04 - Initializing Spring FrameworkServlet ''
""2017-07-27 19:14:04 - FrameworkServlet '': initialization started
""2017-07-27 19:14:04 - FrameworkServlet '': initialization completed in 2 ms
""2017-07-27 19:14:04 - getting following for operson with id 1
"]]></system-out>
  <system-err><![CDATA[]]></system-err>
</testsuite>
